<?xml version="1.0" encoding="UTF-8"?>
<!-- Generated by org.testng.reporters.JUnitXMLReporter -->
<testsuite hostname="xlh-028" name="Default test" tests="1" failures="0" timestamp="25 Nov 2016 03:53:11 GMT" time="0.458" errors="0">
  <testcase name="@BeforeClass springTestContextPrepareTestInstance" time="0.0" classname="test.apptest.chuangye.AppChuangyeEnterIncubator">
    <failure type="org.springframework.beans.factory.BeanCreationException" message="Error creating bean with name &amp;apos;test.apptest.chuangye.AppChuangyeEnterIncubator&amp;apos;: Autowiring of fields failed; nested exception is org.springframework.beans.factory.BeanCreationException: Could not autowire field: private io.appium.java_client.AppiumDriver test.apptest.chuangye.AppChuangyeEnterIncubator.driver; nested exception is org.springframework.beans.factory.NoSuchBeanDefinitionException: No unique bean of type [io.appium.java_client.AppiumDriver] is defined: Unsatisfied dependency of type [class io.appium.java_client.AppiumDriver]: expected at least 1 matching bean">
      <![CDATA[org.springframework.beans.factory.BeanCreationException: Error creating bean with name 'test.apptest.chuangye.AppChuangyeEnterIncubator': Autowiring of fields failed; nested exception is org.springframework.beans.factory.BeanCreationException: Could not autowire field: private io.appium.java_client.AppiumDriver test.apptest.chuangye.AppChuangyeEnterIncubator.driver; nested exception is org.springframework.beans.factory.NoSuchBeanDefinitionException: No unique bean of type [io.appium.java_client.AppiumDriver] is defined: Unsatisfied dependency of type [class io.appium.java_client.AppiumDriver]: expected at least 1 matching bean
	at org.springframework.beans.factory.annotation.AutowiredAnnotationBeanPostProcessor.postProcessAfterInstantiation(AutowiredAnnotationBeanPostProcessor.java:243)
	at org.springframework.beans.factory.support.AbstractAutowireCapableBeanFactory.populateBean(AbstractAutowireCapableBeanFactory.java:959)
	at org.springframework.beans.factory.support.AbstractAutowireCapableBeanFactory.autowireBeanProperties(AbstractAutowireCapableBeanFactory.java:329)
	at org.springframework.test.context.support.DependencyInjectionTestExecutionListener.injectDependencies(DependencyInjectionTestExecutionListener.java:110)
	at org.springframework.test.context.support.DependencyInjectionTestExecutionListener.prepareTestInstance(DependencyInjectionTestExecutionListener.java:75)
	at org.springframework.test.context.TestContextManager.prepareTestInstance(TestContextManager.java:255)
	at org.springframework.test.context.testng.AbstractTestNGSpringContextTests.springTestContextPrepareTestInstance(AbstractTestNGSpringContextTests.java:117)
	at sun.reflect.NativeMethodAccessorImpl.invoke0(Native Method)
	at sun.reflect.NativeMethodAccessorImpl.invoke(Unknown Source)
	at sun.reflect.DelegatingMethodAccessorImpl.invoke(Unknown Source)
	at java.lang.reflect.Method.invoke(Unknown Source)
	at org.testng.internal.MethodInvocationHelper.invokeMethod(MethodInvocationHelper.java:84)
	at org.testng.internal.Invoker.invokeConfigurationMethod(Invoker.java:564)
	at org.testng.internal.Invoker.invokeConfigurations(Invoker.java:213)
	at org.testng.internal.Invoker.invokeConfigurations(Invoker.java:138)
	at org.testng.internal.TestMethodWorker.invokeBeforeClassMethods(TestMethodWorker.java:175)
	at org.testng.internal.TestMethodWorker.run(TestMethodWorker.java:107)
	at org.testng.TestRunner.privateRun(TestRunner.java:767)
	at org.testng.TestRunner.run(TestRunner.java:617)
	at org.testng.SuiteRunner.runTest(SuiteRunner.java:335)
	at org.testng.SuiteRunner.runSequentially(SuiteRunner.java:330)
	at org.testng.SuiteRunner.privateRun(SuiteRunner.java:291)
	at org.testng.SuiteRunner.run(SuiteRunner.java:240)
	at org.testng.SuiteRunnerWorker.runSuite(SuiteRunnerWorker.java:52)
	at org.testng.SuiteRunnerWorker.run(SuiteRunnerWorker.java:86)
	at org.testng.TestNG.runSuitesSequentially(TestNG.java:1224)
	at org.testng.TestNG.runSuitesLocally(TestNG.java:1149)
	at org.testng.TestNG.run(TestNG.java:1057)
	at org.testng.remote.RemoteTestNG.run(RemoteTestNG.java:111)
	at org.testng.remote.RemoteTestNG.initAndRun(RemoteTestNG.java:204)
	at org.testng.remote.RemoteTestNG.main(RemoteTestNG.java:175)
Caused by: org.springframework.beans.factory.BeanCreationException: Could not autowire field: private io.appium.java_client.AppiumDriver test.apptest.chuangye.AppChuangyeEnterIncubator.driver; nested exception is org.springframework.beans.factory.NoSuchBeanDefinitionException: No unique bean of type [io.appium.java_client.AppiumDriver] is defined: Unsatisfied dependency of type [class io.appium.java_client.AppiumDriver]: expected at least 1 matching bean
	at org.springframework.beans.factory.annotation.AutowiredAnnotationBeanPostProcessor$AutowiredFieldElement.inject(AutowiredAnnotationBeanPostProcessor.java:435)
	at org.springframework.beans.factory.annotation.InjectionMetadata.injectFields(InjectionMetadata.java:105)
	at org.springframework.beans.factory.annotation.AutowiredAnnotationBeanPostProcessor.postProcessAfterInstantiation(AutowiredAnnotationBeanPostProcessor.java:240)
	... 30 more
Caused by: org.springframework.beans.factory.NoSuchBeanDefinitionException: No unique bean of type [io.appium.java_client.AppiumDriver] is defined: Unsatisfied dependency of type [class io.appium.java_client.AppiumDriver]: expected at least 1 matching bean
	at org.springframework.beans.factory.support.DefaultListableBeanFactory.resolveDependency(DefaultListableBeanFactory.java:613)
	at org.springframework.beans.factory.annotation.AutowiredAnnotationBeanPostProcessor$AutowiredFieldElement.inject(AutowiredAnnotationBeanPostProcessor.java:412)
	... 32 more
]]>
    </failure>
  </testcase> <!-- @BeforeClass springTestContextPrepareTestInstance -->
  <testcase name="@BeforeClass beforeClass" time="0.0" classname="test.apptest.chuangye.AppChuangyeEnterIncubator">
    <skipped/>
  </testcase> <!-- @BeforeClass beforeClass -->
  <testcase name="@AfterClass afterClass" time="0.0" classname="test.apptest.chuangye.AppChuangyeEnterIncubator">
    <skipped/>
  </testcase> <!-- @AfterClass afterClass -->
  <testcase name="chuangyeEnterIncubator" time="0.0070" classname="test.apptest.chuangye.AppChuangyeEnterIncubator">
    <skipped/>
  </testcase> <!-- chuangyeEnterIncubator -->
</testsuite> <!-- Default test -->
