<?xml version="1.0" encoding="UTF-8"?>
<testng-results skipped="0" failed="1" total="1" passed="0">
  <reporter-output>
  </reporter-output>
  <suite name="Default suite" duration-ms="1176" started-at="2016-12-16T06:36:42Z" finished-at="2016-12-16T06:36:43Z">
    <groups>
    </groups>
    <test name="Default test" duration-ms="1176" started-at="2016-12-16T06:36:42Z" finished-at="2016-12-16T06:36:43Z">
      <class name="test.apptest.fund.AppFundWallet">
        <test-method status="PASS" signature="springTestContextPrepareTestInstance()[pri:0, instance:test.apptest.fund.AppFundWallet@50d0686]" name="springTestContextPrepareTestInstance" is-config="true" duration-ms="503" started-at="2016-12-16T14:36:42Z" finished-at="2016-12-16T14:36:42Z">
          <reporter-output>
          </reporter-output>
        </test-method> <!-- springTestContextPrepareTestInstance -->
        <test-method status="PASS" signature="beforeClass()[pri:0, instance:test.apptest.fund.AppFundWallet@50d0686]" name="beforeClass" is-config="true" duration-ms="0" started-at="2016-12-16T14:36:42Z" finished-at="2016-12-16T14:36:42Z">
          <reporter-output>
          </reporter-output>
        </test-method> <!-- beforeClass -->
        <test-method status="PASS" signature="springTestContextBeforeTestMethod(java.lang.reflect.Method)[pri:0, instance:test.apptest.fund.AppFundWallet@50d0686]" name="springTestContextBeforeTestMethod" is-config="true" duration-ms="1" started-at="2016-12-16T14:36:42Z" finished-at="2016-12-16T14:36:42Z">
          <params>
            <param index="0">
              <value>
                <![CDATA[public void test.apptest.fund.AppFundWallet.wallet(java.util.Map) throws java.lang.Exception]]>
              </value>
            </param>
          </params>
          <reporter-output>
          </reporter-output>
        </test-method> <!-- springTestContextBeforeTestMethod -->
        <test-method status="FAIL" signature="wallet(java.util.Map)[pri:0, instance:test.apptest.fund.AppFundWallet@50d0686]" name="wallet" duration-ms="458" started-at="2016-12-16T14:36:42Z" description="我的钱包提现" data-provider="testData" finished-at="2016-12-16T14:36:43Z">
          <params>
            <param index="0">
              <value>
                <![CDATA[{fundUserName=13774364001, apkPathOfFund=D:\autoApp\testAPK\EasyrongFund_pre_2_2_1.apk, fundPassword=xlh123456, version=v2.3}]]>
              </value>
            </param>
          </params>
          <exception class="org.openqa.selenium.SessionNotCreatedException">
            <message>
              <![CDATA[A new session could not be created. (Original error: Requested a new session but one was in progress) (WARNING: The server did not provide any stacktrace information)
Command duration or timeout: 159 milliseconds
Build info: version: '2.44.0', revision: '76d78cf', time: '2014-10-23 20:03:00'
System info: host: 'XLH-20160517', ip: '172.16.22.233', os.name: 'Windows 7', os.arch: 'amd64', os.version: '6.1', java.version: '1.8.0_91'
Driver info: io.appium.java_client.AppiumDriver]]>
            </message>
            <full-stacktrace>
              <![CDATA[org.openqa.selenium.SessionNotCreatedException: A new session could not be created. (Original error: Requested a new session but one was in progress) (WARNING: The server did not provide any stacktrace information)
Command duration or timeout: 159 milliseconds
Build info: version: '2.44.0', revision: '76d78cf', time: '2014-10-23 20:03:00'
System info: host: 'XLH-20160517', ip: '172.16.22.233', os.name: 'Windows 7', os.arch: 'amd64', os.version: '6.1', java.version: '1.8.0_91'
Driver info: io.appium.java_client.AppiumDriver
	at sun.reflect.NativeConstructorAccessorImpl.newInstance0(Native Method)
	at sun.reflect.NativeConstructorAccessorImpl.newInstance(NativeConstructorAccessorImpl.java:62)
	at sun.reflect.DelegatingConstructorAccessorImpl.newInstance(DelegatingConstructorAccessorImpl.java:45)
	at java.lang.reflect.Constructor.newInstance(Constructor.java:423)
	at org.openqa.selenium.remote.ErrorHandler.createThrowable(ErrorHandler.java:204)
	at org.openqa.selenium.remote.ErrorHandler.throwIfResponseFailed(ErrorHandler.java:156)
	at org.openqa.selenium.remote.RemoteWebDriver.execute(RemoteWebDriver.java:599)
	at io.appium.java_client.AppiumDriver.execute(AppiumDriver.java:81)
	at org.openqa.selenium.remote.RemoteWebDriver.startSession(RemoteWebDriver.java:240)
	at org.openqa.selenium.remote.RemoteWebDriver.<init>(RemoteWebDriver.java:126)
	at org.openqa.selenium.remote.RemoteWebDriver.<init>(RemoteWebDriver.java:153)
	at io.appium.java_client.AppiumDriver.<init>(AppiumDriver.java:43)
	at service.impl.InitialServiceImpl.appiumAndroidFundSetUp(InitialServiceImpl.java:101)
	at test.apptest.fund.AppFundWallet.wallet(AppFundWallet.java:56)
	at sun.reflect.NativeMethodAccessorImpl.invoke0(Native Method)
	at sun.reflect.NativeMethodAccessorImpl.invoke(NativeMethodAccessorImpl.java:62)
	at sun.reflect.DelegatingMethodAccessorImpl.invoke(DelegatingMethodAccessorImpl.java:43)
	at java.lang.reflect.Method.invoke(Method.java:498)
	at org.testng.internal.MethodInvocationHelper.invokeMethod(MethodInvocationHelper.java:80)
	at org.testng.internal.InvokeMethodRunnable.runOne(InvokeMethodRunnable.java:46)
	at org.testng.internal.InvokeMethodRunnable.run(InvokeMethodRunnable.java:37)
	at java.util.concurrent.Executors$RunnableAdapter.call(Executors.java:511)
	at java.util.concurrent.FutureTask.run(FutureTask.java:266)
	at java.util.concurrent.ThreadPoolExecutor.runWorker(ThreadPoolExecutor.java:1142)
	at java.util.concurrent.ThreadPoolExecutor$Worker.run(ThreadPoolExecutor.java:617)
	at java.lang.Thread.run(Thread.java:745)
]]>
            </full-stacktrace>
          </exception> <!-- org.openqa.selenium.SessionNotCreatedException -->
          <reporter-output>
          </reporter-output>
        </test-method> <!-- wallet -->
        <test-method status="PASS" signature="springTestContextAfterTestMethod(java.lang.reflect.Method)[pri:0, instance:test.apptest.fund.AppFundWallet@50d0686]" name="springTestContextAfterTestMethod" is-config="true" duration-ms="1" started-at="2016-12-16T14:36:43Z" finished-at="2016-12-16T14:36:43Z">
          <params>
            <param index="0">
              <value>
                <![CDATA[public void test.apptest.fund.AppFundWallet.wallet(java.util.Map) throws java.lang.Exception]]>
              </value>
            </param>
          </params>
          <reporter-output>
          </reporter-output>
        </test-method> <!-- springTestContextAfterTestMethod -->
        <test-method status="PASS" signature="afterClass()[pri:0, instance:test.apptest.fund.AppFundWallet@50d0686]" name="afterClass" is-config="true" duration-ms="0" started-at="2016-12-16T14:36:43Z" finished-at="2016-12-16T14:36:43Z">
          <reporter-output>
          </reporter-output>
        </test-method> <!-- afterClass -->
      </class> <!-- test.apptest.fund.AppFundWallet -->
    </test> <!-- Default test -->
  </suite> <!-- Default suite -->
</testng-results>
