<?xml version="1.0" encoding="UTF-8"?>
<testng-results skipped="0" failed="0" total="1" passed="1">
  <reporter-output>
  </reporter-output>
  <suite name="Default suite" duration-ms="278581" started-at="2016-11-25T09:27:12Z" finished-at="2016-11-25T09:31:50Z">
    <groups>
    </groups>
    <test name="Default test" duration-ms="278581" started-at="2016-11-25T09:27:12Z" finished-at="2016-11-25T09:31:50Z">
      <class name="test.apptest.common.AppCommonInterview">
        <test-method status="PASS" signature="springTestContextPrepareTestInstance()[pri:0, instance:test.apptest.common.AppCommonInterview@1f6f296]" name="springTestContextPrepareTestInstance" is-config="true" duration-ms="807" started-at="2016-11-25T17:27:12Z" finished-at="2016-11-25T17:27:13Z">
          <reporter-output>
          </reporter-output>
        </test-method> <!-- springTestContextPrepareTestInstance -->
        <test-method status="PASS" signature="beforeClass()[pri:0, instance:test.apptest.common.AppCommonInterview@1f6f296]" name="beforeClass" is-config="true" duration-ms="0" started-at="2016-11-25T17:27:13Z" finished-at="2016-11-25T17:27:13Z">
          <reporter-output>
          </reporter-output>
        </test-method> <!-- beforeClass -->
        <test-method status="PASS" signature="springTestContextBeforeTestMethod(java.lang.reflect.Method)[pri:0, instance:test.apptest.common.AppCommonInterview@1f6f296]" name="springTestContextBeforeTestMethod" is-config="true" duration-ms="1" started-at="2016-11-25T17:27:13Z" finished-at="2016-11-25T17:27:13Z">
          <params>
            <param index="0">
              <value>
                <![CDATA[public void test.apptest.common.AppCommonInterview.interviewProcess(java.util.Map) throws java.lang.Exception]]>
              </value>
            </param>
          </params>
          <reporter-output>
          </reporter-output>
        </test-method> <!-- springTestContextBeforeTestMethod -->
        <test-method status="PASS" signature="interviewProcess(java.util.Map)[pri:0, instance:test.apptest.common.AppCommonInterview@1f6f296]" name="interviewProcess" duration-ms="277431" started-at="2016-11-25T17:27:13Z" description="约谈流程" data-provider="testData" finished-at="2016-11-25T17:31:50Z">
          <params>
            <param index="0">
              <value>
                <![CDATA[{fundApkName=EasyrongFund_pre_2_2_1.apk, fundPassword=xlh123456, interviewProject=自动化测试用勿操作, changyeUserName=18200000099, changyeApkName=EasyrongChuangye_pre_2_3_1.apk, fundUserName=lkj123, chuangyePassword=xlh123456, interviewComments=app自动化测试用评论123, version=v2.3}]]>
              </value>
            </param>
          </params>
          <reporter-output>
          </reporter-output>
        </test-method> <!-- interviewProcess -->
        <test-method status="PASS" signature="springTestContextAfterTestMethod(java.lang.reflect.Method)[pri:0, instance:test.apptest.common.AppCommonInterview@1f6f296]" name="springTestContextAfterTestMethod" is-config="true" duration-ms="0" started-at="2016-11-25T17:31:50Z" finished-at="2016-11-25T17:31:50Z">
          <params>
            <param index="0">
              <value>
                <![CDATA[public void test.apptest.common.AppCommonInterview.interviewProcess(java.util.Map) throws java.lang.Exception]]>
              </value>
            </param>
          </params>
          <reporter-output>
          </reporter-output>
        </test-method> <!-- springTestContextAfterTestMethod -->
        <test-method status="PASS" signature="afterClass()[pri:0, instance:test.apptest.common.AppCommonInterview@1f6f296]" name="afterClass" is-config="true" duration-ms="0" started-at="2016-11-25T17:31:50Z" finished-at="2016-11-25T17:31:50Z">
          <reporter-output>
          </reporter-output>
        </test-method> <!-- afterClass -->
      </class> <!-- test.apptest.common.AppCommonInterview -->
    </test> <!-- Default test -->
  </suite> <!-- Default suite -->
</testng-results>
