<?xml version="1.0" encoding="UTF-8"?>
<testng-results skipped="0" failed="0" total="1" passed="1">
  <reporter-output>
  </reporter-output>
  <suite name="Default suite" duration-ms="68650" started-at="2016-12-16T06:14:17Z" finished-at="2016-12-16T06:15:26Z">
    <groups>
    </groups>
    <test name="Default test" duration-ms="68650" started-at="2016-12-16T06:14:17Z" finished-at="2016-12-16T06:15:26Z">
      <class name="test.apptest.fund.AppFundWallet">
        <test-method status="PASS" signature="springTestContextPrepareTestInstance()[pri:0, instance:test.apptest.fund.AppFundWallet@406199]" name="springTestContextPrepareTestInstance" is-config="true" duration-ms="622" started-at="2016-12-16T14:14:17Z" finished-at="2016-12-16T14:14:18Z">
          <reporter-output>
          </reporter-output>
        </test-method> <!-- springTestContextPrepareTestInstance -->
        <test-method status="PASS" signature="beforeClass()[pri:0, instance:test.apptest.fund.AppFundWallet@406199]" name="beforeClass" is-config="true" duration-ms="0" started-at="2016-12-16T14:14:18Z" finished-at="2016-12-16T14:14:18Z">
          <reporter-output>
          </reporter-output>
        </test-method> <!-- beforeClass -->
        <test-method status="PASS" signature="wallet(java.util.Map)[pri:0, instance:test.apptest.fund.AppFundWallet@406199]" name="wallet" duration-ms="67630" started-at="2016-12-16T14:14:18Z" description="我的钱包提现" data-provider="testData" finished-at="2016-12-16T14:15:26Z">
          <params>
            <param index="0">
              <value>
                <![CDATA[{fundPassword=xlh123456, apkPathOfFund=D:\autoApp\testAPK\EasyrongFund_pre_2_2_1.apk, fundUserName=lkj123, version=v2.3}]]>
              </value>
            </param>
          </params>
          <reporter-output>
          </reporter-output>
        </test-method> <!-- wallet -->
        <test-method status="PASS" signature="springTestContextBeforeTestMethod(java.lang.reflect.Method)[pri:0, instance:test.apptest.fund.AppFundWallet@406199]" name="springTestContextBeforeTestMethod" is-config="true" duration-ms="0" started-at="2016-12-16T14:14:18Z" finished-at="2016-12-16T14:14:18Z">
          <params>
            <param index="0">
              <value>
                <![CDATA[public void test.apptest.fund.AppFundWallet.wallet(java.util.Map) throws java.lang.Exception]]>
              </value>
            </param>
          </params>
          <reporter-output>
          </reporter-output>
        </test-method> <!-- springTestContextBeforeTestMethod -->
        <test-method status="PASS" signature="springTestContextAfterTestMethod(java.lang.reflect.Method)[pri:0, instance:test.apptest.fund.AppFundWallet@406199]" name="springTestContextAfterTestMethod" is-config="true" duration-ms="3" started-at="2016-12-16T14:15:26Z" finished-at="2016-12-16T14:15:26Z">
          <params>
            <param index="0">
              <value>
                <![CDATA[public void test.apptest.fund.AppFundWallet.wallet(java.util.Map) throws java.lang.Exception]]>
              </value>
            </param>
          </params>
          <reporter-output>
          </reporter-output>
        </test-method> <!-- springTestContextAfterTestMethod -->
        <test-method status="PASS" signature="afterClass()[pri:0, instance:test.apptest.fund.AppFundWallet@406199]" name="afterClass" is-config="true" duration-ms="1" started-at="2016-12-16T14:15:26Z" finished-at="2016-12-16T14:15:26Z">
          <reporter-output>
          </reporter-output>
        </test-method> <!-- afterClass -->
      </class> <!-- test.apptest.fund.AppFundWallet -->
    </test> <!-- Default test -->
  </suite> <!-- Default suite -->
</testng-results>
