<?xml version="1.0" encoding="UTF-8"?>
<testng-results skipped="0" failed="1" total="5" passed="4">
  <reporter-output>
    <line>
      <![CDATA[更新企业状态...]]>
    </line>
    <line>
      <![CDATA[mysql预发环境数据库连接信息为：172.16.11.80:3306]]>
    </line>
  </reporter-output>
  <suite name="Suite_TestResults" duration-ms="432050" started-at="2016-12-09T10:29:05Z" finished-at="2016-12-09T10:36:17Z">
    <groups>
    </groups>
    <test name="快速问诊流程" duration-ms="90718" started-at="2016-12-09T10:29:05Z" finished-at="2016-12-09T10:30:36Z">
      <class name="test.apptest.common.AppCommonSpeedInquiry">
        <test-method status="PASS" signature="springTestContextPrepareTestInstance()[pri:0, instance:test.apptest.common.AppCommonSpeedInquiry@1e13d52]" name="springTestContextPrepareTestInstance" is-config="true" duration-ms="599" started-at="2016-12-09T18:29:05Z" finished-at="2016-12-09T18:29:06Z">
          <reporter-output>
          </reporter-output>
        </test-method> <!-- springTestContextPrepareTestInstance -->
        <test-method status="PASS" signature="beforeClass()[pri:0, instance:test.apptest.common.AppCommonSpeedInquiry@1e13d52]" name="beforeClass" is-config="true" duration-ms="0" started-at="2016-12-09T18:29:06Z" finished-at="2016-12-09T18:29:06Z">
          <reporter-output>
          </reporter-output>
        </test-method> <!-- beforeClass -->
        <test-method status="PASS" signature="appCommonSpeedInquiry(java.util.Map)[pri:0, instance:test.apptest.common.AppCommonSpeedInquiry@1e13d52]" name="appCommonSpeedInquiry" duration-ms="89717" started-at="2016-12-09T18:29:06Z" description="快速问诊" data-provider="testData" finished-at="2016-12-09T18:30:36Z">
          <params>
            <param index="0">
              <value>
                <![CDATA[{Result=YYF TEST, apkPathOfChuangye=D:\autoApp\testAPK\Easyrongchuangye_pre_2_3_1.apk, fundPassword=xlh123456, interviewProject=谷泉橡木卡狠狠哭拉萨, changyeUserName=13000000001, fundUserName=13774364001, chuangyePassword=xlh123456, interviewComments=app自动化测试用评论123, version=v2.3}]]>
              </value>
            </param>
          </params>
          <reporter-output>
          </reporter-output>
        </test-method> <!-- appCommonSpeedInquiry -->
        <test-method status="PASS" signature="springTestContextBeforeTestMethod(java.lang.reflect.Method)[pri:0, instance:test.apptest.common.AppCommonSpeedInquiry@1e13d52]" name="springTestContextBeforeTestMethod" is-config="true" duration-ms="0" started-at="2016-12-09T18:29:06Z" finished-at="2016-12-09T18:29:06Z">
          <params>
            <param index="0">
              <value>
                <![CDATA[public void test.apptest.common.AppCommonSpeedInquiry.appCommonSpeedInquiry(java.util.Map) throws java.lang.Exception]]>
              </value>
            </param>
          </params>
          <reporter-output>
          </reporter-output>
        </test-method> <!-- springTestContextBeforeTestMethod -->
        <test-method status="PASS" signature="springTestContextAfterTestMethod(java.lang.reflect.Method)[pri:0, instance:test.apptest.common.AppCommonSpeedInquiry@1e13d52]" name="springTestContextAfterTestMethod" is-config="true" duration-ms="2" started-at="2016-12-09T18:30:36Z" finished-at="2016-12-09T18:30:36Z">
          <params>
            <param index="0">
              <value>
                <![CDATA[public void test.apptest.common.AppCommonSpeedInquiry.appCommonSpeedInquiry(java.util.Map) throws java.lang.Exception]]>
              </value>
            </param>
          </params>
          <reporter-output>
          </reporter-output>
        </test-method> <!-- springTestContextAfterTestMethod -->
      </class> <!-- test.apptest.common.AppCommonSpeedInquiry -->
    </test> <!-- 快速问诊流程 -->
    <test name="提现" duration-ms="97927" started-at="2016-12-09T10:30:36Z" finished-at="2016-12-09T10:32:14Z">
      <class name="test.apptest.fund.AppFundWallet">
        <test-method status="PASS" signature="springTestContextPrepareTestInstance()[pri:0, instance:test.apptest.fund.AppFundWallet@1faba46]" name="springTestContextPrepareTestInstance" is-config="true" duration-ms="10" started-at="2016-12-09T18:30:36Z" finished-at="2016-12-09T18:30:36Z">
          <reporter-output>
          </reporter-output>
        </test-method> <!-- springTestContextPrepareTestInstance -->
        <test-method status="PASS" signature="beforeClass()[pri:0, instance:test.apptest.fund.AppFundWallet@1faba46]" name="beforeClass" is-config="true" duration-ms="1" started-at="2016-12-09T18:30:36Z" finished-at="2016-12-09T18:30:36Z">
          <reporter-output>
          </reporter-output>
        </test-method> <!-- beforeClass -->
        <test-method status="PASS" signature="springTestContextBeforeTestMethod(java.lang.reflect.Method)[pri:0, instance:test.apptest.fund.AppFundWallet@1faba46]" name="springTestContextBeforeTestMethod" is-config="true" duration-ms="0" started-at="2016-12-09T18:30:36Z" finished-at="2016-12-09T18:30:36Z">
          <params>
            <param index="0">
              <value>
                <![CDATA[public void test.apptest.fund.AppFundWallet.wallet(java.util.Map) throws java.lang.Exception]]>
              </value>
            </param>
          </params>
          <reporter-output>
          </reporter-output>
        </test-method> <!-- springTestContextBeforeTestMethod -->
        <test-method status="FAIL" signature="wallet(java.util.Map)[pri:0, instance:test.apptest.fund.AppFundWallet@1faba46]" name="wallet" duration-ms="97339" started-at="2016-12-09T18:30:36Z" description="我的钱包提现" data-provider="testData" finished-at="2016-12-09T18:32:14Z">
          <params>
            <param index="0">
              <value>
                <![CDATA[{fundPassword=xlh123456, apkPathOfFund=D:\autoApp\testAPK\EasyrongFund_pre_2_2_1.apk, fundUserName=lkj123, version=v2.3}]]>
              </value>
            </param>
          </params>
          <exception class="java.lang.AssertionError">
            <message>
              <![CDATA[expected [true] but found [false]]]>
            </message>
            <full-stacktrace>
              <![CDATA[java.lang.AssertionError: expected [true] but found [false]
	at org.testng.Assert.fail(Assert.java:94)
	at org.testng.Assert.failNotEquals(Assert.java:494)
	at org.testng.Assert.assertTrue(Assert.java:42)
	at org.testng.Assert.assertTrue(Assert.java:52)
	at test.apptest.fund.AppFundWallet.wallet(AppFundWallet.java:87)
	at sun.reflect.NativeMethodAccessorImpl.invoke0(Native Method)
	at sun.reflect.NativeMethodAccessorImpl.invoke(Unknown Source)
	at sun.reflect.DelegatingMethodAccessorImpl.invoke(Unknown Source)
	at java.lang.reflect.Method.invoke(Unknown Source)
	at org.testng.internal.MethodInvocationHelper.invokeMethod(MethodInvocationHelper.java:80)
	at org.testng.internal.InvokeMethodRunnable.runOne(InvokeMethodRunnable.java:46)
	at org.testng.internal.InvokeMethodRunnable.run(InvokeMethodRunnable.java:37)
	at java.util.concurrent.Executors$RunnableAdapter.call(Unknown Source)
	at java.util.concurrent.FutureTask$Sync.innerRun(Unknown Source)
	at java.util.concurrent.FutureTask.run(Unknown Source)
	at java.util.concurrent.ThreadPoolExecutor$Worker.runTask(Unknown Source)
	at java.util.concurrent.ThreadPoolExecutor$Worker.run(Unknown Source)
	at java.lang.Thread.run(Unknown Source)
]]>
            </full-stacktrace>
          </exception> <!-- java.lang.AssertionError -->
          <reporter-output>
          </reporter-output>
        </test-method> <!-- wallet -->
        <test-method status="PASS" signature="springTestContextAfterTestMethod(java.lang.reflect.Method)[pri:0, instance:test.apptest.fund.AppFundWallet@1faba46]" name="springTestContextAfterTestMethod" is-config="true" duration-ms="1" started-at="2016-12-09T18:32:14Z" finished-at="2016-12-09T18:32:14Z">
          <params>
            <param index="0">
              <value>
                <![CDATA[public void test.apptest.fund.AppFundWallet.wallet(java.util.Map) throws java.lang.Exception]]>
              </value>
            </param>
          </params>
          <reporter-output>
          </reporter-output>
        </test-method> <!-- springTestContextAfterTestMethod -->
        <test-method status="PASS" signature="afterClass()[pri:0, instance:test.apptest.fund.AppFundWallet@1faba46]" name="afterClass" is-config="true" duration-ms="0" started-at="2016-12-09T18:32:14Z" finished-at="2016-12-09T18:32:14Z">
          <reporter-output>
          </reporter-output>
        </test-method> <!-- afterClass -->
      </class> <!-- test.apptest.fund.AppFundWallet -->
    </test> <!-- 提现 -->
    <test name="投资者发布以及需求响应" duration-ms="151980" started-at="2016-12-09T10:32:14Z" finished-at="2016-12-09T10:34:46Z">
      <class name="test.apptest.fund.AppFundRequirement">
        <test-method status="PASS" signature="springTestContextPrepareTestInstance()[pri:0, instance:test.apptest.fund.AppFundRequirement@e1d5ea]" name="springTestContextPrepareTestInstance" is-config="true" duration-ms="14" started-at="2016-12-09T18:32:14Z" finished-at="2016-12-09T18:32:14Z">
          <reporter-output>
          </reporter-output>
        </test-method> <!-- springTestContextPrepareTestInstance -->
        <test-method status="PASS" signature="beforeClass()[pri:0, instance:test.apptest.fund.AppFundRequirement@e1d5ea]" name="beforeClass" is-config="true" duration-ms="0" started-at="2016-12-09T18:32:14Z" finished-at="2016-12-09T18:32:14Z">
          <reporter-output>
          </reporter-output>
        </test-method> <!-- beforeClass -->
        <test-method status="PASS" signature="fundRequirement(java.util.Map)[pri:0, instance:test.apptest.fund.AppFundRequirement@e1d5ea]" name="fundRequirement" duration-ms="105263" started-at="2016-12-09T18:32:14Z" description="需求发布" data-provider="testData" finished-at="2016-12-09T18:34:00Z">
          <params>
            <param index="0">
              <value>
                <![CDATA[{Result=YYF TEST, fundPassword=xlh123456, interviewProject=谷泉橡木卡狠狠哭拉萨, apkPathOfFund=D:\autoApp\testAPK\EasyrongFund_pre_2_2_1.apk, changyeUserName=18200000099, fundUserName=lkj123, chuangyePassword=xlh123456, interviewComments=app自动化测试用评论123, version=v2.3}]]>
              </value>
            </param>
          </params>
          <reporter-output>
          </reporter-output>
        </test-method> <!-- fundRequirement -->
        <test-method status="PASS" signature="springTestContextBeforeTestMethod(java.lang.reflect.Method)[pri:0, instance:test.apptest.fund.AppFundRequirement@e1d5ea]" name="springTestContextBeforeTestMethod" is-config="true" duration-ms="0" started-at="2016-12-09T18:32:14Z" finished-at="2016-12-09T18:32:14Z">
          <params>
            <param index="0">
              <value>
                <![CDATA[public void test.apptest.fund.AppFundRequirement.fundRequirement(java.util.Map) throws java.lang.Exception]]>
              </value>
            </param>
          </params>
          <reporter-output>
          </reporter-output>
        </test-method> <!-- springTestContextBeforeTestMethod -->
        <test-method status="PASS" signature="springTestContextAfterTestMethod(java.lang.reflect.Method)[pri:0, instance:test.apptest.fund.AppFundRequirement@e1d5ea]" name="springTestContextAfterTestMethod" is-config="true" duration-ms="1" started-at="2016-12-09T18:34:00Z" finished-at="2016-12-09T18:34:00Z">
          <params>
            <param index="0">
              <value>
                <![CDATA[public void test.apptest.fund.AppFundRequirement.fundRequirement(java.util.Map) throws java.lang.Exception]]>
              </value>
            </param>
          </params>
          <reporter-output>
          </reporter-output>
        </test-method> <!-- springTestContextAfterTestMethod -->
        <test-method status="PASS" signature="springTestContextBeforeTestMethod(java.lang.reflect.Method)[pri:0, instance:test.apptest.fund.AppFundRequirement@e1d5ea]" name="springTestContextBeforeTestMethod" is-config="true" duration-ms="1" started-at="2016-12-09T18:34:00Z" finished-at="2016-12-09T18:34:00Z">
          <params>
            <param index="0">
              <value>
                <![CDATA[public void test.apptest.fund.AppFundRequirement.fundRespond(java.util.Map) throws java.lang.Exception]]>
              </value>
            </param>
          </params>
          <reporter-output>
          </reporter-output>
        </test-method> <!-- springTestContextBeforeTestMethod -->
        <test-method status="PASS" signature="fundRespond(java.util.Map)[pri:0, instance:test.apptest.fund.AppFundRequirement@e1d5ea]" name="fundRespond" duration-ms="45791" started-at="2016-12-09T18:34:00Z" description="我的需求响应" data-provider="testData" finished-at="2016-12-09T18:34:46Z">
          <params>
            <param index="0">
              <value>
                <![CDATA[{Result=YYF TEST, fundPassword=xlh123456, interviewProject=谷泉橡木卡狠狠哭拉萨, apkPathOfFund=D:\autoApp\testAPK\EasyrongFund_pre_2_2_1.apk, changyeUserName=18200000099, fundUserName=lkj123, chuangyePassword=xlh123456, interviewComments=app自动化测试用评论123, version=v2.3}]]>
              </value>
            </param>
          </params>
          <reporter-output>
          </reporter-output>
        </test-method> <!-- fundRespond -->
        <test-method status="PASS" signature="springTestContextAfterTestMethod(java.lang.reflect.Method)[pri:0, instance:test.apptest.fund.AppFundRequirement@e1d5ea]" name="springTestContextAfterTestMethod" is-config="true" duration-ms="1" started-at="2016-12-09T18:34:46Z" finished-at="2016-12-09T18:34:46Z">
          <params>
            <param index="0">
              <value>
                <![CDATA[public void test.apptest.fund.AppFundRequirement.fundRespond(java.util.Map) throws java.lang.Exception]]>
              </value>
            </param>
          </params>
          <reporter-output>
          </reporter-output>
        </test-method> <!-- springTestContextAfterTestMethod -->
        <test-method status="PASS" signature="afterClass()[pri:0, instance:test.apptest.fund.AppFundRequirement@e1d5ea]" name="afterClass" is-config="true" duration-ms="0" started-at="2016-12-09T18:34:46Z" finished-at="2016-12-09T18:34:46Z">
          <reporter-output>
          </reporter-output>
        </test-method> <!-- afterClass -->
      </class> <!-- test.apptest.fund.AppFundRequirement -->
    </test> <!-- 投资者发布以及需求响应 -->
    <test name="孵化入驻" duration-ms="91346" started-at="2016-12-09T10:34:46Z" finished-at="2016-12-09T10:36:17Z">
      <class name="test.apptest.chuangye.AppChuangyeEnterIncubator">
        <test-method status="PASS" signature="springTestContextPrepareTestInstance()[pri:0, instance:test.apptest.chuangye.AppChuangyeEnterIncubator@cbf30e]" name="springTestContextPrepareTestInstance" is-config="true" duration-ms="11" started-at="2016-12-09T18:34:46Z" finished-at="2016-12-09T18:34:46Z">
          <reporter-output>
          </reporter-output>
        </test-method> <!-- springTestContextPrepareTestInstance -->
        <test-method status="PASS" signature="beforeClass()[pri:0, instance:test.apptest.chuangye.AppChuangyeEnterIncubator@cbf30e]" name="beforeClass" is-config="true" duration-ms="461" started-at="2016-12-09T18:34:46Z" finished-at="2016-12-09T18:34:47Z">
          <reporter-output>
            <line>
              <![CDATA[更新企业状态...]]>
            </line>
            <line>
              <![CDATA[mysql预发环境数据库连接信息为：172.16.11.80:3306]]>
            </line>
          </reporter-output>
        </test-method> <!-- beforeClass -->
        <test-method status="PASS" signature="chuangyeEnterIncubator(java.util.Map)[pri:0, instance:test.apptest.chuangye.AppChuangyeEnterIncubator@cbf30e]" name="chuangyeEnterIncubator" duration-ms="90477" started-at="2016-12-09T18:34:47Z" description="企业入驻孵化器" data-provider="testData" finished-at="2016-12-09T18:36:17Z">
          <params>
            <param index="0">
              <value>
                <![CDATA[{apkPathOfChuangye=D:\autoApp\testAPK\Easyrongchuangye_pre_2_3_1.apk, fundPassword=xlh123456, backPassword=xlh123456, incubator=注册test(上海w)+, filePath=D:\autotest.pdf, changyeUserName=18200000099, backUserName=zdhcs, fundUserName=lkj123, comments=app自动化测试用评论123，有长度要求超过20个字, chuangyePassword=xlh123456, version=v2.3}]]>
              </value>
            </param>
          </params>
          <reporter-output>
          </reporter-output>
        </test-method> <!-- chuangyeEnterIncubator -->
        <test-method status="PASS" signature="springTestContextBeforeTestMethod(java.lang.reflect.Method)[pri:0, instance:test.apptest.chuangye.AppChuangyeEnterIncubator@cbf30e]" name="springTestContextBeforeTestMethod" is-config="true" duration-ms="0" started-at="2016-12-09T18:34:47Z" finished-at="2016-12-09T18:34:47Z">
          <params>
            <param index="0">
              <value>
                <![CDATA[public void test.apptest.chuangye.AppChuangyeEnterIncubator.chuangyeEnterIncubator(java.util.Map) throws java.lang.Exception]]>
              </value>
            </param>
          </params>
          <reporter-output>
          </reporter-output>
        </test-method> <!-- springTestContextBeforeTestMethod -->
        <test-method status="PASS" signature="springTestContextAfterTestMethod(java.lang.reflect.Method)[pri:0, instance:test.apptest.chuangye.AppChuangyeEnterIncubator@cbf30e]" name="springTestContextAfterTestMethod" is-config="true" duration-ms="0" started-at="2016-12-09T18:36:17Z" finished-at="2016-12-09T18:36:17Z">
          <params>
            <param index="0">
              <value>
                <![CDATA[public void test.apptest.chuangye.AppChuangyeEnterIncubator.chuangyeEnterIncubator(java.util.Map) throws java.lang.Exception]]>
              </value>
            </param>
          </params>
          <reporter-output>
          </reporter-output>
        </test-method> <!-- springTestContextAfterTestMethod -->
        <test-method status="PASS" signature="afterClass()[pri:0, instance:test.apptest.chuangye.AppChuangyeEnterIncubator@cbf30e]" name="afterClass" is-config="true" duration-ms="2" started-at="2016-12-09T18:36:17Z" finished-at="2016-12-09T18:36:17Z">
          <reporter-output>
          </reporter-output>
        </test-method> <!-- afterClass -->
      </class> <!-- test.apptest.chuangye.AppChuangyeEnterIncubator -->
    </test> <!-- 孵化入驻 -->
  </suite> <!-- Suite_TestResults -->
</testng-results>
