<?xml version="1.0" encoding="UTF-8"?>
<testng-results skipped="0" failed="1" total="1" passed="0">
  <reporter-output>
  </reporter-output>
  <suite name="Default suite" duration-ms="47618" started-at="2016-12-23T09:15:45Z" finished-at="2016-12-23T09:16:33Z">
    <groups>
    </groups>
    <test name="Default test" duration-ms="47618" started-at="2016-12-23T09:15:45Z" finished-at="2016-12-23T09:16:33Z">
      <class name="test.apptest.chuangye.AppChuangyeReleaseLoan">
        <test-method status="PASS" signature="springTestContextPrepareTestInstance()[pri:0, instance:test.apptest.chuangye.AppChuangyeReleaseLoan@3bc0f2e5]" name="springTestContextPrepareTestInstance" is-config="true" duration-ms="440" started-at="2016-12-23T17:15:45Z" finished-at="2016-12-23T17:15:46Z">
          <reporter-output>
          </reporter-output>
        </test-method> <!-- springTestContextPrepareTestInstance -->
        <test-method status="PASS" signature="beforeClass()[pri:0, instance:test.apptest.chuangye.AppChuangyeReleaseLoan@3bc0f2e5]" name="beforeClass" is-config="true" duration-ms="0" started-at="2016-12-23T17:15:46Z" finished-at="2016-12-23T17:15:46Z">
          <reporter-output>
          </reporter-output>
        </test-method> <!-- beforeClass -->
        <test-method status="PASS" signature="springTestContextBeforeTestMethod(java.lang.reflect.Method)[pri:0, instance:test.apptest.chuangye.AppChuangyeReleaseLoan@3bc0f2e5]" name="springTestContextBeforeTestMethod" is-config="true" duration-ms="0" started-at="2016-12-23T17:15:46Z" finished-at="2016-12-23T17:15:46Z">
          <params>
            <param index="0">
              <value>
                <![CDATA[public void test.apptest.chuangye.AppChuangyeReleaseLoan.chuangyeReleaseLoan(java.util.Map) throws java.lang.Exception]]>
              </value>
            </param>
          </params>
          <reporter-output>
          </reporter-output>
        </test-method> <!-- springTestContextBeforeTestMethod -->
        <test-method status="FAIL" signature="chuangyeReleaseLoan(java.util.Map)[pri:0, instance:test.apptest.chuangye.AppChuangyeReleaseLoan@3bc0f2e5]" name="chuangyeReleaseLoan" duration-ms="45442" started-at="2016-12-23T17:15:46Z" description="发布贷款" data-provider="testData" finished-at="2016-12-23T17:16:31Z">
          <params>
            <param index="0">
              <value>
                <![CDATA[{apkPathOfChuangye=D:\autoApp\testAPK\Easyrongchuangye_pre_2_3_1.apk, fundPassword=xlh123456, backPassword=xlh123456, incubator=注册test(上海w)+, filePath=D:\autotest.pdf, changyeUserName=15000000002, backUserName=zdhcs, fundUserName=lkj123, comments=app自动化测试用评论123，有长度要求超过20个字, chuangyePassword=xlh123456, version=v2.3}]]>
              </value>
            </param>
          </params>
          <exception class="org.openqa.selenium.NoSuchElementException">
            <message>
              <![CDATA[An element could not be located on the page using the given search parameters. (WARNING: The server did not provide any stacktrace information)
Command duration or timeout: 10.38 seconds
For documentation on this error, please visit: http://seleniumhq.org/exceptions/no_such_element.html
Build info: version: '2.44.0', revision: '76d78cf', time: '2014-10-23 20:03:00'
System info: host: 'xlh-028', ip: '172.16.22.236', os.name: 'Windows 8', os.arch: 'amd64', os.version: '6.2', java.version: '1.6.0_43'
Session ID: a4491aaf-abb3-4e61-ad96-9afb60ffe16a
Driver info: io.appium.java_client.AppiumDriver
Capabilities [{platform=LINUX, app=D:\autoApp\testAPK\Easyrongchuangye_pre_2_3_1.apk, javascriptEnabled=true, appActivity=.activities.EasyrongChuangyeActivity, browserName=, networkConnectionEnabled=true, noSign=true, desired={platformVersion=4.4, app=D:\autoApp\testAPK\Easyrongchuangye_pre_2_3_1.apk, platformName=Android, deviceName=Android Emulator, browserName=, appActivity=.activities.EasyrongChuangyeActivity, unicodeKeyboard=true, noSign=true, resetKeyboard=true, appPackage=com.easyrongchuangye, noReset=true}, locationContextEnabled=false, appPackage=com.easyrongchuangye, noReset=true, platformVersion=4.4.2, databaseEnabled=false, platformName=Android, deviceName=emulator-5554, webStorageEnabled=false, unicodeKeyboard=true, resetKeyboard=true, warnings={}, takesScreenshot=true}]]]>
            </message>
            <full-stacktrace>
              <![CDATA[org.openqa.selenium.NoSuchElementException: An element could not be located on the page using the given search parameters. (WARNING: The server did not provide any stacktrace information)
Command duration or timeout: 10.38 seconds
For documentation on this error, please visit: http://seleniumhq.org/exceptions/no_such_element.html
Build info: version: '2.44.0', revision: '76d78cf', time: '2014-10-23 20:03:00'
System info: host: 'xlh-028', ip: '172.16.22.236', os.name: 'Windows 8', os.arch: 'amd64', os.version: '6.2', java.version: '1.6.0_43'
Session ID: a4491aaf-abb3-4e61-ad96-9afb60ffe16a
Driver info: io.appium.java_client.AppiumDriver
Capabilities [{platform=LINUX, app=D:\autoApp\testAPK\Easyrongchuangye_pre_2_3_1.apk, javascriptEnabled=true, appActivity=.activities.EasyrongChuangyeActivity, browserName=, networkConnectionEnabled=true, noSign=true, desired={platformVersion=4.4, app=D:\autoApp\testAPK\Easyrongchuangye_pre_2_3_1.apk, platformName=Android, deviceName=Android Emulator, browserName=, appActivity=.activities.EasyrongChuangyeActivity, unicodeKeyboard=true, noSign=true, resetKeyboard=true, appPackage=com.easyrongchuangye, noReset=true}, locationContextEnabled=false, appPackage=com.easyrongchuangye, noReset=true, platformVersion=4.4.2, databaseEnabled=false, platformName=Android, deviceName=emulator-5554, webStorageEnabled=false, unicodeKeyboard=true, resetKeyboard=true, warnings={}, takesScreenshot=true}]
	at sun.reflect.NativeConstructorAccessorImpl.newInstance0(Native Method)
	at sun.reflect.NativeConstructorAccessorImpl.newInstance(Unknown Source)
	at sun.reflect.DelegatingConstructorAccessorImpl.newInstance(Unknown Source)
	at java.lang.reflect.Constructor.newInstance(Unknown Source)
	at org.openqa.selenium.remote.ErrorHandler.createThrowable(ErrorHandler.java:204)
	at org.openqa.selenium.remote.ErrorHandler.throwIfResponseFailed(ErrorHandler.java:156)
	at org.openqa.selenium.remote.RemoteWebDriver.execute(RemoteWebDriver.java:599)
	at io.appium.java_client.AppiumDriver.execute(AppiumDriver.java:81)
	at org.openqa.selenium.remote.RemoteWebDriver.findElement(RemoteWebDriver.java:352)
	at org.openqa.selenium.remote.RemoteWebDriver.findElementByName(RemoteWebDriver.java:425)
	at org.openqa.selenium.By$ByName.findElement(By.java:299)
	at org.openqa.selenium.remote.RemoteWebDriver.findElement(RemoteWebDriver.java:344)
	at test.apptest.chuangye.AppChuangyeReleaseLoan.chuangyeReleaseLoan(AppChuangyeReleaseLoan.java:91)
	at sun.reflect.NativeMethodAccessorImpl.invoke0(Native Method)
	at sun.reflect.NativeMethodAccessorImpl.invoke(Unknown Source)
	at sun.reflect.DelegatingMethodAccessorImpl.invoke(Unknown Source)
	at java.lang.reflect.Method.invoke(Unknown Source)
	at org.testng.internal.MethodInvocationHelper.invokeMethod(MethodInvocationHelper.java:84)
	at org.testng.internal.InvokeMethodRunnable.runOne(InvokeMethodRunnable.java:46)
	at org.testng.internal.InvokeMethodRunnable.run(InvokeMethodRunnable.java:37)
	at java.util.concurrent.Executors$RunnableAdapter.call(Unknown Source)
	at java.util.concurrent.FutureTask$Sync.innerRun(Unknown Source)
	at java.util.concurrent.FutureTask.run(Unknown Source)
	at java.util.concurrent.ThreadPoolExecutor$Worker.runTask(Unknown Source)
	at java.util.concurrent.ThreadPoolExecutor$Worker.run(Unknown Source)
	at java.lang.Thread.run(Unknown Source)
]]>
            </full-stacktrace>
          </exception> <!-- org.openqa.selenium.NoSuchElementException -->
          <reporter-output>
          </reporter-output>
        </test-method> <!-- chuangyeReleaseLoan -->
        <test-method status="PASS" signature="springTestContextAfterTestMethod(java.lang.reflect.Method)[pri:0, instance:test.apptest.chuangye.AppChuangyeReleaseLoan@3bc0f2e5]" name="springTestContextAfterTestMethod" is-config="true" duration-ms="1" started-at="2016-12-23T17:16:31Z" finished-at="2016-12-23T17:16:31Z">
          <params>
            <param index="0">
              <value>
                <![CDATA[public void test.apptest.chuangye.AppChuangyeReleaseLoan.chuangyeReleaseLoan(java.util.Map) throws java.lang.Exception]]>
              </value>
            </param>
          </params>
          <reporter-output>
          </reporter-output>
        </test-method> <!-- springTestContextAfterTestMethod -->
        <test-method status="PASS" signature="afterClass()[pri:0, instance:test.apptest.chuangye.AppChuangyeReleaseLoan@3bc0f2e5]" name="afterClass" is-config="true" duration-ms="1546" started-at="2016-12-23T17:16:31Z" finished-at="2016-12-23T17:16:33Z">
          <reporter-output>
          </reporter-output>
        </test-method> <!-- afterClass -->
      </class> <!-- test.apptest.chuangye.AppChuangyeReleaseLoan -->
    </test> <!-- Default test -->
  </suite> <!-- Default suite -->
</testng-results>
