<?xml version="1.0" encoding="UTF-8"?>
<testng-results skipped="0" failed="0" total="1" passed="1">
  <reporter-output>
  </reporter-output>
  <suite name="Default suite" duration-ms="70074" started-at="2016-12-09T07:58:00Z" finished-at="2016-12-09T07:59:10Z">
    <groups>
    </groups>
    <test name="Default test" duration-ms="70074" started-at="2016-12-09T07:58:00Z" finished-at="2016-12-09T07:59:10Z">
      <class name="test.apptest.fund.AppFundWallet">
        <test-method status="PASS" signature="springTestContextPrepareTestInstance()[pri:0, instance:test.apptest.fund.AppFundWallet@77d2b01b]" name="springTestContextPrepareTestInstance" is-config="true" duration-ms="438" started-at="2016-12-09T15:58:00Z" finished-at="2016-12-09T15:58:00Z">
          <reporter-output>
          </reporter-output>
        </test-method> <!-- springTestContextPrepareTestInstance -->
        <test-method status="PASS" signature="beforeClass()[pri:0, instance:test.apptest.fund.AppFundWallet@77d2b01b]" name="beforeClass" is-config="true" duration-ms="0" started-at="2016-12-09T15:58:00Z" finished-at="2016-12-09T15:58:00Z">
          <reporter-output>
          </reporter-output>
        </test-method> <!-- beforeClass -->
        <test-method status="PASS" signature="springTestContextBeforeTestMethod(java.lang.reflect.Method)[pri:0, instance:test.apptest.fund.AppFundWallet@77d2b01b]" name="springTestContextBeforeTestMethod" is-config="true" duration-ms="0" started-at="2016-12-09T15:58:00Z" finished-at="2016-12-09T15:58:00Z">
          <params>
            <param index="0">
              <value>
                <![CDATA[public void test.apptest.fund.AppFundWallet.wallet(java.util.Map) throws java.lang.Exception]]>
              </value>
            </param>
          </params>
          <reporter-output>
          </reporter-output>
        </test-method> <!-- springTestContextBeforeTestMethod -->
        <test-method status="PASS" signature="wallet(java.util.Map)[pri:0, instance:test.apptest.fund.AppFundWallet@77d2b01b]" name="wallet" duration-ms="69458" started-at="2016-12-09T15:58:00Z" description="我的钱包提现" data-provider="testData" finished-at="2016-12-09T15:59:10Z">
          <params>
            <param index="0">
              <value>
                <![CDATA[{fundPassword=xlh123456, apkPathOfFund=D:\autoApp\testAPK\EasyrongFund_pre_2_2_1.apk, fundUserName=lkj123, version=v2.3}]]>
              </value>
            </param>
          </params>
          <reporter-output>
          </reporter-output>
        </test-method> <!-- wallet -->
        <test-method status="PASS" signature="springTestContextAfterTestMethod(java.lang.reflect.Method)[pri:0, instance:test.apptest.fund.AppFundWallet@77d2b01b]" name="springTestContextAfterTestMethod" is-config="true" duration-ms="1" started-at="2016-12-09T15:59:10Z" finished-at="2016-12-09T15:59:10Z">
          <params>
            <param index="0">
              <value>
                <![CDATA[public void test.apptest.fund.AppFundWallet.wallet(java.util.Map) throws java.lang.Exception]]>
              </value>
            </param>
          </params>
          <reporter-output>
          </reporter-output>
        </test-method> <!-- springTestContextAfterTestMethod -->
        <test-method status="PASS" signature="afterClass()[pri:0, instance:test.apptest.fund.AppFundWallet@77d2b01b]" name="afterClass" is-config="true" duration-ms="0" started-at="2016-12-09T15:59:10Z" finished-at="2016-12-09T15:59:10Z">
          <reporter-output>
          </reporter-output>
        </test-method> <!-- afterClass -->
      </class> <!-- test.apptest.fund.AppFundWallet -->
    </test> <!-- Default test -->
  </suite> <!-- Default suite -->
</testng-results>
