<?xml version="1.0" encoding="UTF-8"?>
<testng-results skipped="0" failed="0" total="1" passed="1">
  <reporter-output>
  </reporter-output>
  <suite name="Default suite" duration-ms="11830" started-at="2016-11-17T10:14:53Z" finished-at="2016-11-17T10:15:05Z">
    <groups>
    </groups>
    <test name="Default test" duration-ms="11830" started-at="2016-11-17T10:14:53Z" finished-at="2016-11-17T10:15:05Z">
      <class name="test.apptest.common.AppCommonInquiry">
        <test-method status="PASS" signature="springTestContextPrepareTestInstance()[pri:0, instance:test.apptest.common.AppCommonInquiry@c68c3]" name="springTestContextPrepareTestInstance" is-config="true" duration-ms="642" started-at="2016-11-17T18:14:53Z" finished-at="2016-11-17T18:14:53Z">
          <reporter-output>
          </reporter-output>
        </test-method> <!-- springTestContextPrepareTestInstance -->
        <test-method status="PASS" signature="beforeClass()[pri:0, instance:test.apptest.common.AppCommonInquiry@c68c3]" name="beforeClass" is-config="true" duration-ms="0" started-at="2016-11-17T18:14:53Z" finished-at="2016-11-17T18:14:53Z">
          <reporter-output>
          </reporter-output>
        </test-method> <!-- beforeClass -->
        <test-method status="PASS" signature="springTestContextBeforeTestMethod(java.lang.reflect.Method)[pri:0, instance:test.apptest.common.AppCommonInquiry@c68c3]" name="springTestContextBeforeTestMethod" is-config="true" duration-ms="1" started-at="2016-11-17T18:14:54Z" finished-at="2016-11-17T18:14:54Z">
          <params>
            <param index="0">
              <value>
                <![CDATA[public void test.apptest.common.AppCommonInquiry.commonInquiryProcess(java.util.Map) throws java.lang.Exception]]>
              </value>
            </param>
          </params>
          <reporter-output>
          </reporter-output>
        </test-method> <!-- springTestContextBeforeTestMethod -->
        <test-method status="PASS" signature="commonInquiryProcess(java.util.Map)[pri:0, instance:test.apptest.common.AppCommonInquiry@c68c3]" name="commonInquiryProcess" duration-ms="10926" started-at="2016-11-17T18:14:54Z" description="普通问诊流程" data-provider="testData" finished-at="2016-11-17T18:15:04Z">
          <params>
            <param index="0">
              <value>
                <![CDATA[{fundApkName=EasyrongFund_pre_2_2_1.apk, fundPassword=xlh123456, backPassword=xlh123456, inquiryTutor=空空, changyeUserName=18200000099, backUserName=zdhcs, changyeApkName=EasyrongChuangye_pre_2_3_1.apk, fundUserName=lkj123, comments=app自动化测试用评论123，有长度要求超过20个字, chuangyePassword=xlh123456, version=v2.3}]]>
              </value>
            </param>
          </params>
          <reporter-output>
          </reporter-output>
        </test-method> <!-- commonInquiryProcess -->
        <test-method status="PASS" signature="springTestContextAfterTestMethod(java.lang.reflect.Method)[pri:0, instance:test.apptest.common.AppCommonInquiry@c68c3]" name="springTestContextAfterTestMethod" is-config="true" duration-ms="2" started-at="2016-11-17T18:15:04Z" finished-at="2016-11-17T18:15:04Z">
          <params>
            <param index="0">
              <value>
                <![CDATA[public void test.apptest.common.AppCommonInquiry.commonInquiryProcess(java.util.Map) throws java.lang.Exception]]>
              </value>
            </param>
          </params>
          <reporter-output>
          </reporter-output>
        </test-method> <!-- springTestContextAfterTestMethod -->
        <test-method status="PASS" signature="afterClass()[pri:0, instance:test.apptest.common.AppCommonInquiry@c68c3]" name="afterClass" is-config="true" duration-ms="0" started-at="2016-11-17T18:15:05Z" finished-at="2016-11-17T18:15:05Z">
          <reporter-output>
          </reporter-output>
        </test-method> <!-- afterClass -->
      </class> <!-- test.apptest.common.AppCommonInquiry -->
    </test> <!-- Default test -->
  </suite> <!-- Default suite -->
</testng-results>
