<?xml version="1.0" encoding="UTF-8"?>
<testng-results skipped="0" failed="0" total="1" passed="1">
  <reporter-output>
  </reporter-output>
  <suite name="Default suite" duration-ms="188638" started-at="2016-12-02T03:43:19Z" finished-at="2016-12-02T03:46:27Z">
    <groups>
    </groups>
    <test name="Default test" duration-ms="188638" started-at="2016-12-02T03:43:19Z" finished-at="2016-12-02T03:46:27Z">
      <class name="test.apptest.common.AppCommonInterview">
        <test-method status="PASS" signature="springTestContextPrepareTestInstance()[pri:0, instance:test.apptest.common.AppCommonInterview@1b09468]" name="springTestContextPrepareTestInstance" is-config="true" duration-ms="802" started-at="2016-12-02T11:43:19Z" finished-at="2016-12-02T11:43:20Z">
          <reporter-output>
          </reporter-output>
        </test-method> <!-- springTestContextPrepareTestInstance -->
        <test-method status="PASS" signature="beforeClass()[pri:0, instance:test.apptest.common.AppCommonInterview@1b09468]" name="beforeClass" is-config="true" duration-ms="0" started-at="2016-12-02T11:43:20Z" finished-at="2016-12-02T11:43:20Z">
          <reporter-output>
          </reporter-output>
        </test-method> <!-- beforeClass -->
        <test-method status="PASS" signature="springTestContextBeforeTestMethod(java.lang.reflect.Method)[pri:0, instance:test.apptest.common.AppCommonInterview@1b09468]" name="springTestContextBeforeTestMethod" is-config="true" duration-ms="0" started-at="2016-12-02T11:43:20Z" finished-at="2016-12-02T11:43:20Z">
          <params>
            <param index="0">
              <value>
                <![CDATA[public void test.apptest.common.AppCommonInterview.interviewProcess(java.util.Map) throws java.lang.Exception]]>
              </value>
            </param>
          </params>
          <reporter-output>
          </reporter-output>
        </test-method> <!-- springTestContextBeforeTestMethod -->
        <test-method status="PASS" signature="interviewProcess(java.util.Map)[pri:0, instance:test.apptest.common.AppCommonInterview@1b09468]" name="interviewProcess" duration-ms="187422" started-at="2016-12-02T11:43:20Z" description="约谈流程" data-provider="testData" finished-at="2016-12-02T11:46:27Z">
          <params>
            <param index="0">
              <value>
                <![CDATA[{apkPathOfChuangye=D:\autoApp\testAPK\Easyrongchuangye_pre_2_3_1.apk, fundPassword=xlh123456, interviewProject=自动化测试用勿操作, apkPathOfFund=D:\autoApp\testAPK\EasyrongFund_pre_2_2_1.apk, changyeUserName=18200000099, fundUserName=lkj123, chuangyePassword=xlh123456, interviewComments=app自动化测试用评论123, version=v2.3}]]>
              </value>
            </param>
          </params>
          <reporter-output>
          </reporter-output>
        </test-method> <!-- interviewProcess -->
        <test-method status="PASS" signature="springTestContextAfterTestMethod(java.lang.reflect.Method)[pri:0, instance:test.apptest.common.AppCommonInterview@1b09468]" name="springTestContextAfterTestMethod" is-config="true" duration-ms="5" started-at="2016-12-02T11:46:27Z" finished-at="2016-12-02T11:46:27Z">
          <params>
            <param index="0">
              <value>
                <![CDATA[public void test.apptest.common.AppCommonInterview.interviewProcess(java.util.Map) throws java.lang.Exception]]>
              </value>
            </param>
          </params>
          <reporter-output>
          </reporter-output>
        </test-method> <!-- springTestContextAfterTestMethod -->
        <test-method status="PASS" signature="afterClass()[pri:0, instance:test.apptest.common.AppCommonInterview@1b09468]" name="afterClass" is-config="true" duration-ms="0" started-at="2016-12-02T11:46:27Z" finished-at="2016-12-02T11:46:27Z">
          <reporter-output>
          </reporter-output>
        </test-method> <!-- afterClass -->
      </class> <!-- test.apptest.common.AppCommonInterview -->
    </test> <!-- Default test -->
  </suite> <!-- Default suite -->
</testng-results>
