<?xml version="1.0" encoding="UTF-8"?>
<testng-results skipped="0" failed="0" total="1" passed="1">
  <reporter-output>
  </reporter-output>
  <suite name="Default suite" duration-ms="169143" started-at="2016-12-21T03:28:03Z" finished-at="2016-12-21T03:30:53Z">
    <groups>
    </groups>
    <test name="Default test" duration-ms="169143" started-at="2016-12-21T03:28:03Z" finished-at="2016-12-21T03:30:53Z">
      <class name="test.apptest.chuangye.AppChuangyeReleaseLoan">
        <test-method status="PASS" signature="springTestContextPrepareTestInstance()[pri:0, instance:test.apptest.chuangye.AppChuangyeReleaseLoan@7054c4ad]" name="springTestContextPrepareTestInstance" is-config="true" duration-ms="426" started-at="2016-12-21T11:28:03Z" finished-at="2016-12-21T11:28:04Z">
          <reporter-output>
          </reporter-output>
        </test-method> <!-- springTestContextPrepareTestInstance -->
        <test-method status="PASS" signature="beforeClass()[pri:0, instance:test.apptest.chuangye.AppChuangyeReleaseLoan@7054c4ad]" name="beforeClass" is-config="true" duration-ms="0" started-at="2016-12-21T11:28:04Z" finished-at="2016-12-21T11:28:04Z">
          <reporter-output>
          </reporter-output>
        </test-method> <!-- beforeClass -->
        <test-method status="PASS" signature="springTestContextBeforeTestMethod(java.lang.reflect.Method)[pri:0, instance:test.apptest.chuangye.AppChuangyeReleaseLoan@7054c4ad]" name="springTestContextBeforeTestMethod" is-config="true" duration-ms="0" started-at="2016-12-21T11:28:04Z" finished-at="2016-12-21T11:28:04Z">
          <params>
            <param index="0">
              <value>
                <![CDATA[public void test.apptest.chuangye.AppChuangyeReleaseLoan.chuangyeReleaseLoan(java.util.Map) throws java.lang.Exception]]>
              </value>
            </param>
          </params>
          <reporter-output>
          </reporter-output>
        </test-method> <!-- springTestContextBeforeTestMethod -->
        <test-method status="PASS" signature="chuangyeReleaseLoan(java.util.Map)[pri:0, instance:test.apptest.chuangye.AppChuangyeReleaseLoan@7054c4ad]" name="chuangyeReleaseLoan" duration-ms="168538" started-at="2016-12-21T11:28:04Z" description="发布贷款" data-provider="testData" finished-at="2016-12-21T11:30:53Z">
          <params>
            <param index="0">
              <value>
                <![CDATA[{apkPathOfChuangye=D:\autoApp\testAPK\Easyrongchuangye_pre_2_3_1.apk, fundPassword=xlh123456, backPassword=xlh123456, incubator=注册test(上海w)+, filePath=D:\autotest.pdf, changyeUserName=15000000002, backUserName=zdhcs, fundUserName=lkj123, comments=app自动化测试用评论123，有长度要求超过20个字, chuangyePassword=xlh123456, version=v2.3}]]>
              </value>
            </param>
          </params>
          <reporter-output>
          </reporter-output>
        </test-method> <!-- chuangyeReleaseLoan -->
        <test-method status="PASS" signature="springTestContextAfterTestMethod(java.lang.reflect.Method)[pri:0, instance:test.apptest.chuangye.AppChuangyeReleaseLoan@7054c4ad]" name="springTestContextAfterTestMethod" is-config="true" duration-ms="0" started-at="2016-12-21T11:30:53Z" finished-at="2016-12-21T11:30:53Z">
          <params>
            <param index="0">
              <value>
                <![CDATA[public void test.apptest.chuangye.AppChuangyeReleaseLoan.chuangyeReleaseLoan(java.util.Map) throws java.lang.Exception]]>
              </value>
            </param>
          </params>
          <reporter-output>
          </reporter-output>
        </test-method> <!-- springTestContextAfterTestMethod -->
        <test-method status="PASS" signature="afterClass()[pri:0, instance:test.apptest.chuangye.AppChuangyeReleaseLoan@7054c4ad]" name="afterClass" is-config="true" duration-ms="0" started-at="2016-12-21T11:30:53Z" finished-at="2016-12-21T11:30:53Z">
          <reporter-output>
          </reporter-output>
        </test-method> <!-- afterClass -->
      </class> <!-- test.apptest.chuangye.AppChuangyeReleaseLoan -->
    </test> <!-- Default test -->
  </suite> <!-- Default suite -->
</testng-results>
