<?xml version="1.0" encoding="UTF-8"?>
<testng-results skipped="0" failed="1" total="1" passed="0">
  <reporter-output>
  </reporter-output>
  <suite name="Default suite" duration-ms="107666" started-at="2016-12-27T06:01:28Z" finished-at="2016-12-27T06:03:16Z">
    <groups>
    </groups>
    <test name="Default test" duration-ms="107666" started-at="2016-12-27T06:01:28Z" finished-at="2016-12-27T06:03:16Z">
      <class name="test.apptest.chuangye.AppChuangyeReleaseLoan">
        <test-method status="PASS" signature="springTestContextPrepareTestInstance()[pri:0, instance:test.apptest.chuangye.AppChuangyeReleaseLoan@7054c4ad]" name="springTestContextPrepareTestInstance" is-config="true" duration-ms="436" started-at="2016-12-27T14:01:28Z" finished-at="2016-12-27T14:01:29Z">
          <reporter-output>
          </reporter-output>
        </test-method> <!-- springTestContextPrepareTestInstance -->
        <test-method status="PASS" signature="beforeClass()[pri:0, instance:test.apptest.chuangye.AppChuangyeReleaseLoan@7054c4ad]" name="beforeClass" is-config="true" duration-ms="1" started-at="2016-12-27T14:01:29Z" finished-at="2016-12-27T14:01:29Z">
          <reporter-output>
          </reporter-output>
        </test-method> <!-- beforeClass -->
        <test-method status="PASS" signature="springTestContextBeforeTestMethod(java.lang.reflect.Method)[pri:0, instance:test.apptest.chuangye.AppChuangyeReleaseLoan@7054c4ad]" name="springTestContextBeforeTestMethod" is-config="true" duration-ms="0" started-at="2016-12-27T14:01:29Z" finished-at="2016-12-27T14:01:29Z">
          <params>
            <param index="0">
              <value>
                <![CDATA[public void test.apptest.chuangye.AppChuangyeReleaseLoan.chuangyeReleaseLoan(java.util.Map) throws java.lang.Exception]]>
              </value>
            </param>
          </params>
          <reporter-output>
          </reporter-output>
        </test-method> <!-- springTestContextBeforeTestMethod -->
        <test-method status="FAIL" signature="chuangyeReleaseLoan(java.util.Map)[pri:0, instance:test.apptest.chuangye.AppChuangyeReleaseLoan@7054c4ad]" name="chuangyeReleaseLoan" duration-ms="105600" started-at="2016-12-27T14:01:29Z" description="发布贷款" data-provider="testData" finished-at="2016-12-27T14:03:14Z">
          <params>
            <param index="0">
              <value>
                <![CDATA[{apkPathOfChuangye=D:\autoApp\testAPK\Easyrongchuangye_pre_2_3_1.apk, fundPassword=xlh123456, backPassword=xlh123456, incubator=注册test(上海w)+, filePath=D:\autotest.pdf, changyeUserName=15000000002, backUserName=zdhcs, fundUserName=lkj123, comments=app自动化测试用评论123，有长度要求超过20个字, chuangyePassword=xlh123456, version=v2.3}]]>
              </value>
            </param>
          </params>
          <exception class="java.lang.StringIndexOutOfBoundsException">
            <message>
              <![CDATA[String index out of range: 5]]>
            </message>
            <full-stacktrace>
              <![CDATA[java.lang.StringIndexOutOfBoundsException: String index out of range: 5
	at java.lang.String.substring(Unknown Source)
	at test.apptest.chuangye.AppChuangyeReleaseLoan.chuangyeReleaseLoan(AppChuangyeReleaseLoan.java:119)
	at sun.reflect.NativeMethodAccessorImpl.invoke0(Native Method)
	at sun.reflect.NativeMethodAccessorImpl.invoke(Unknown Source)
	at sun.reflect.DelegatingMethodAccessorImpl.invoke(Unknown Source)
	at java.lang.reflect.Method.invoke(Unknown Source)
	at org.testng.internal.MethodInvocationHelper.invokeMethod(MethodInvocationHelper.java:84)
	at org.testng.internal.InvokeMethodRunnable.runOne(InvokeMethodRunnable.java:46)
	at org.testng.internal.InvokeMethodRunnable.run(InvokeMethodRunnable.java:37)
	at java.util.concurrent.Executors$RunnableAdapter.call(Unknown Source)
	at java.util.concurrent.FutureTask$Sync.innerRun(Unknown Source)
	at java.util.concurrent.FutureTask.run(Unknown Source)
	at java.util.concurrent.ThreadPoolExecutor$Worker.runTask(Unknown Source)
	at java.util.concurrent.ThreadPoolExecutor$Worker.run(Unknown Source)
	at java.lang.Thread.run(Unknown Source)
]]>
            </full-stacktrace>
          </exception> <!-- java.lang.StringIndexOutOfBoundsException -->
          <reporter-output>
          </reporter-output>
        </test-method> <!-- chuangyeReleaseLoan -->
        <test-method status="PASS" signature="springTestContextAfterTestMethod(java.lang.reflect.Method)[pri:0, instance:test.apptest.chuangye.AppChuangyeReleaseLoan@7054c4ad]" name="springTestContextAfterTestMethod" is-config="true" duration-ms="0" started-at="2016-12-27T14:03:14Z" finished-at="2016-12-27T14:03:14Z">
          <params>
            <param index="0">
              <value>
                <![CDATA[public void test.apptest.chuangye.AppChuangyeReleaseLoan.chuangyeReleaseLoan(java.util.Map) throws java.lang.Exception]]>
              </value>
            </param>
          </params>
          <reporter-output>
          </reporter-output>
        </test-method> <!-- springTestContextAfterTestMethod -->
        <test-method status="PASS" signature="afterClass()[pri:0, instance:test.apptest.chuangye.AppChuangyeReleaseLoan@7054c4ad]" name="afterClass" is-config="true" duration-ms="1447" started-at="2016-12-27T14:03:14Z" finished-at="2016-12-27T14:03:16Z">
          <reporter-output>
          </reporter-output>
        </test-method> <!-- afterClass -->
      </class> <!-- test.apptest.chuangye.AppChuangyeReleaseLoan -->
    </test> <!-- Default test -->
  </suite> <!-- Default suite -->
</testng-results>
