<?xml version="1.0" encoding="UTF-8"?>
<testng-results skipped="0" failed="0" total="1" passed="1">
  <reporter-output>
  </reporter-output>
  <suite name="Default suite" duration-ms="102354" started-at="2016-12-20T10:15:45Z" finished-at="2016-12-20T10:17:27Z">
    <groups>
    </groups>
    <test name="Default test" duration-ms="102354" started-at="2016-12-20T10:15:45Z" finished-at="2016-12-20T10:17:27Z">
      <class name="test.apptest.common.AppCommonSpeedInquiry">
        <test-method status="PASS" signature="springTestContextPrepareTestInstance()[pri:0, instance:test.apptest.common.AppCommonSpeedInquiry@76a3e297]" name="springTestContextPrepareTestInstance" is-config="true" duration-ms="464" started-at="2016-12-20T18:15:45Z" finished-at="2016-12-20T18:15:45Z">
          <reporter-output>
          </reporter-output>
        </test-method> <!-- springTestContextPrepareTestInstance -->
        <test-method status="PASS" signature="beforeClass()[pri:0, instance:test.apptest.common.AppCommonSpeedInquiry@76a3e297]" name="beforeClass" is-config="true" duration-ms="0" started-at="2016-12-20T18:15:45Z" finished-at="2016-12-20T18:15:45Z">
          <reporter-output>
          </reporter-output>
        </test-method> <!-- beforeClass -->
        <test-method status="PASS" signature="springTestContextBeforeTestMethod(java.lang.reflect.Method)[pri:0, instance:test.apptest.common.AppCommonSpeedInquiry@76a3e297]" name="springTestContextBeforeTestMethod" is-config="true" duration-ms="1" started-at="2016-12-20T18:15:45Z" finished-at="2016-12-20T18:15:45Z">
          <params>
            <param index="0">
              <value>
                <![CDATA[public void test.apptest.common.AppCommonSpeedInquiry.appCommonSpeedInquiry(java.util.Map) throws java.lang.Exception]]>
              </value>
            </param>
          </params>
          <reporter-output>
          </reporter-output>
        </test-method> <!-- springTestContextBeforeTestMethod -->
        <test-method status="PASS" signature="appCommonSpeedInquiry(java.util.Map)[pri:0, instance:test.apptest.common.AppCommonSpeedInquiry@76a3e297]" name="appCommonSpeedInquiry" duration-ms="100456" started-at="2016-12-20T18:15:45Z" description="快速问诊" data-provider="testData" finished-at="2016-12-20T18:17:26Z">
          <params>
            <param index="0">
              <value>
                <![CDATA[{chuangyePassword=xlh123456, fundUserName=13774364001, apkPathOfChuangye=D:\autoApp\testAPK\Easyrongchuangye_pre_2_3_1.apk, changyeUserName=13000000001, uploadFilePath=E:\uploadFiles\autotest.pdf, fundPassword=xlh123456, version=v2.3, interviewProject=谷泉橡木卡狠狠哭拉萨, interviewComments=app自动化测试用评论123, Result=YYF TEST}]]>
              </value>
            </param>
          </params>
          <reporter-output>
          </reporter-output>
        </test-method> <!-- appCommonSpeedInquiry -->
        <test-method status="PASS" signature="springTestContextAfterTestMethod(java.lang.reflect.Method)[pri:0, instance:test.apptest.common.AppCommonSpeedInquiry@76a3e297]" name="springTestContextAfterTestMethod" is-config="true" duration-ms="1" started-at="2016-12-20T18:17:26Z" finished-at="2016-12-20T18:17:26Z">
          <params>
            <param index="0">
              <value>
                <![CDATA[public void test.apptest.common.AppCommonSpeedInquiry.appCommonSpeedInquiry(java.util.Map) throws java.lang.Exception]]>
              </value>
            </param>
          </params>
          <reporter-output>
          </reporter-output>
        </test-method> <!-- springTestContextAfterTestMethod -->
        <test-method status="PASS" signature="afterClass()[pri:0, instance:test.apptest.common.AppCommonSpeedInquiry@76a3e297]" name="afterClass" is-config="true" duration-ms="1230" started-at="2016-12-20T18:17:26Z" finished-at="2016-12-20T18:17:27Z">
          <reporter-output>
          </reporter-output>
        </test-method> <!-- afterClass -->
      </class> <!-- test.apptest.common.AppCommonSpeedInquiry -->
    </test> <!-- Default test -->
  </suite> <!-- Default suite -->
</testng-results>
