<?xml version="1.0" encoding="UTF-8"?>
<testng-results skipped="0" failed="0" total="1" passed="1">
  <reporter-output>
  </reporter-output>
  <suite name="Default suite" duration-ms="186675" started-at="2016-12-07T02:56:28Z" finished-at="2016-12-07T02:59:35Z">
    <groups>
    </groups>
    <test name="Default test" duration-ms="186675" started-at="2016-12-07T02:56:28Z" finished-at="2016-12-07T02:59:35Z">
      <class name="test.apptest.chuangye.AppChuangyeApplyLoan">
        <test-method status="PASS" signature="springTestContextPrepareTestInstance()[pri:0, instance:test.apptest.chuangye.AppChuangyeApplyLoan@7054c4ad]" name="springTestContextPrepareTestInstance" is-config="true" duration-ms="428" started-at="2016-12-07T10:56:28Z" finished-at="2016-12-07T10:56:28Z">
          <reporter-output>
          </reporter-output>
        </test-method> <!-- springTestContextPrepareTestInstance -->
        <test-method status="PASS" signature="beforeClass()[pri:0, instance:test.apptest.chuangye.AppChuangyeApplyLoan@7054c4ad]" name="beforeClass" is-config="true" duration-ms="0" started-at="2016-12-07T10:56:28Z" finished-at="2016-12-07T10:56:28Z">
          <reporter-output>
          </reporter-output>
        </test-method> <!-- beforeClass -->
        <test-method status="PASS" signature="chuangyeApplyLoan(java.util.Map)[pri:0, instance:test.apptest.chuangye.AppChuangyeApplyLoan@7054c4ad]" name="chuangyeApplyLoan" duration-ms="186055" started-at="2016-12-07T10:56:28Z" description="申请贷款" data-provider="testData" finished-at="2016-12-07T10:59:34Z">
          <params>
            <param index="0">
              <value>
                <![CDATA[{fundApkName=EasyrongFund_pre_2_2_1.apk, fundPassword=xlh123456, backPassword=xlh123456, loanProducts=信融通, filePath=D:\autotest.pdf, changyeUserName=18200000099, backUserName=zdhcs, changyeApkName=EasyrongChuangye_pre_2_3_1.apk, fundUserName=lkj123, comments=app自动化测试用评论123，有长度要求超过20个字, chuangyePassword=xlh123456, version=v2.3}]]>
              </value>
            </param>
          </params>
          <reporter-output>
          </reporter-output>
        </test-method> <!-- chuangyeApplyLoan -->
        <test-method status="PASS" signature="springTestContextBeforeTestMethod(java.lang.reflect.Method)[pri:0, instance:test.apptest.chuangye.AppChuangyeApplyLoan@7054c4ad]" name="springTestContextBeforeTestMethod" is-config="true" duration-ms="0" started-at="2016-12-07T10:56:28Z" finished-at="2016-12-07T10:56:28Z">
          <params>
            <param index="0">
              <value>
                <![CDATA[public void test.apptest.chuangye.AppChuangyeApplyLoan.chuangyeApplyLoan(java.util.Map) throws java.lang.Exception]]>
              </value>
            </param>
          </params>
          <reporter-output>
          </reporter-output>
        </test-method> <!-- springTestContextBeforeTestMethod -->
        <test-method status="PASS" signature="springTestContextAfterTestMethod(java.lang.reflect.Method)[pri:0, instance:test.apptest.chuangye.AppChuangyeApplyLoan@7054c4ad]" name="springTestContextAfterTestMethod" is-config="true" duration-ms="1" started-at="2016-12-07T10:59:34Z" finished-at="2016-12-07T10:59:34Z">
          <params>
            <param index="0">
              <value>
                <![CDATA[public void test.apptest.chuangye.AppChuangyeApplyLoan.chuangyeApplyLoan(java.util.Map) throws java.lang.Exception]]>
              </value>
            </param>
          </params>
          <reporter-output>
          </reporter-output>
        </test-method> <!-- springTestContextAfterTestMethod -->
        <test-method status="PASS" signature="afterClass()[pri:0, instance:test.apptest.chuangye.AppChuangyeApplyLoan@7054c4ad]" name="afterClass" is-config="true" duration-ms="1" started-at="2016-12-07T10:59:35Z" finished-at="2016-12-07T10:59:35Z">
          <reporter-output>
          </reporter-output>
        </test-method> <!-- afterClass -->
      </class> <!-- test.apptest.chuangye.AppChuangyeApplyLoan -->
    </test> <!-- Default test -->
  </suite> <!-- Default suite -->
</testng-results>
