<?xml version="1.0" encoding="UTF-8"?>
<testng-results skipped="0" failed="0" total="1" passed="1">
  <reporter-output>
  </reporter-output>
  <suite name="Default suite" duration-ms="92224" started-at="2016-11-30T07:28:33Z" finished-at="2016-11-30T07:30:05Z">
    <groups>
    </groups>
    <test name="Default test" duration-ms="92224" started-at="2016-11-30T07:28:33Z" finished-at="2016-11-30T07:30:05Z">
      <class name="test.apptest.chuangye.AppChuangyeEnterIncubator">
        <test-method status="PASS" signature="springTestContextPrepareTestInstance()[pri:0, instance:test.apptest.chuangye.AppChuangyeEnterIncubator@2927fa12]" name="springTestContextPrepareTestInstance" is-config="true" duration-ms="437" started-at="2016-11-30T15:28:33Z" finished-at="2016-11-30T15:28:33Z">
          <reporter-output>
          </reporter-output>
        </test-method> <!-- springTestContextPrepareTestInstance -->
        <test-method status="PASS" signature="beforeClass()[pri:0, instance:test.apptest.chuangye.AppChuangyeEnterIncubator@2927fa12]" name="beforeClass" is-config="true" duration-ms="1" started-at="2016-11-30T15:28:33Z" finished-at="2016-11-30T15:28:33Z">
          <reporter-output>
          </reporter-output>
        </test-method> <!-- beforeClass -->
        <test-method status="PASS" signature="springTestContextBeforeTestMethod(java.lang.reflect.Method)[pri:0, instance:test.apptest.chuangye.AppChuangyeEnterIncubator@2927fa12]" name="springTestContextBeforeTestMethod" is-config="true" duration-ms="1" started-at="2016-11-30T15:28:33Z" finished-at="2016-11-30T15:28:33Z">
          <params>
            <param index="0">
              <value>
                <![CDATA[public void test.apptest.chuangye.AppChuangyeEnterIncubator.chuangyeEnterIncubator(java.util.Map) throws java.lang.Exception]]>
              </value>
            </param>
          </params>
          <reporter-output>
          </reporter-output>
        </test-method> <!-- springTestContextBeforeTestMethod -->
        <test-method status="PASS" signature="chuangyeEnterIncubator(java.util.Map)[pri:0, instance:test.apptest.chuangye.AppChuangyeEnterIncubator@2927fa12]" name="chuangyeEnterIncubator" duration-ms="91601" started-at="2016-11-30T15:28:33Z" description="企业入驻孵化器" data-provider="testData" finished-at="2016-11-30T15:30:05Z">
          <params>
            <param index="0">
              <value>
                <![CDATA[{fundApkName=EasyrongFund_pre_2_2_1.apk, fundPassword=xlh123456, backPassword=xlh123456, incubator=注册test(上海w)+, filePath=D:\\autotest.pdf, changyeUserName=18200000099, backUserName=zdhcs, changyeApkName=EasyrongChuangye_pre_2_3_1.apk, fundUserName=lkj123, comments=app自动化测试用评论123，有长度要求超过20个字, chuangyePassword=xlh123456, version=v2.3}]]>
              </value>
            </param>
          </params>
          <reporter-output>
          </reporter-output>
        </test-method> <!-- chuangyeEnterIncubator -->
        <test-method status="PASS" signature="springTestContextAfterTestMethod(java.lang.reflect.Method)[pri:0, instance:test.apptest.chuangye.AppChuangyeEnterIncubator@2927fa12]" name="springTestContextAfterTestMethod" is-config="true" duration-ms="1" started-at="2016-11-30T15:30:05Z" finished-at="2016-11-30T15:30:05Z">
          <params>
            <param index="0">
              <value>
                <![CDATA[public void test.apptest.chuangye.AppChuangyeEnterIncubator.chuangyeEnterIncubator(java.util.Map) throws java.lang.Exception]]>
              </value>
            </param>
          </params>
          <reporter-output>
          </reporter-output>
        </test-method> <!-- springTestContextAfterTestMethod -->
        <test-method status="PASS" signature="afterClass()[pri:0, instance:test.apptest.chuangye.AppChuangyeEnterIncubator@2927fa12]" name="afterClass" is-config="true" duration-ms="0" started-at="2016-11-30T15:30:05Z" finished-at="2016-11-30T15:30:05Z">
          <reporter-output>
          </reporter-output>
        </test-method> <!-- afterClass -->
      </class> <!-- test.apptest.chuangye.AppChuangyeEnterIncubator -->
    </test> <!-- Default test -->
  </suite> <!-- Default suite -->
</testng-results>
