<?xml version="1.0" encoding="UTF-8"?>
<testng-results skipped="0" failed="0" total="1" passed="1">
  <reporter-output>
  </reporter-output>
  <suite name="Default suite" duration-ms="47698" started-at="2016-12-01T07:36:28Z" finished-at="2016-12-01T07:37:16Z">
    <groups>
    </groups>
    <test name="Default test" duration-ms="47698" started-at="2016-12-01T07:36:28Z" finished-at="2016-12-01T07:37:16Z">
      <class name="test.apptest.chuangye.AppChuangyeSignUp">
        <test-method status="PASS" signature="springTestContextPrepareTestInstance()[pri:0, instance:test.apptest.chuangye.AppChuangyeSignUp@1b09468]" name="springTestContextPrepareTestInstance" is-config="true" duration-ms="753" started-at="2016-12-01T15:36:28Z" finished-at="2016-12-01T15:36:29Z">
          <reporter-output>
          </reporter-output>
        </test-method> <!-- springTestContextPrepareTestInstance -->
        <test-method status="PASS" signature="beforeClass()[pri:0, instance:test.apptest.chuangye.AppChuangyeSignUp@1b09468]" name="beforeClass" is-config="true" duration-ms="0" started-at="2016-12-01T15:36:29Z" finished-at="2016-12-01T15:36:29Z">
          <reporter-output>
          </reporter-output>
        </test-method> <!-- beforeClass -->
        <test-method status="PASS" signature="springTestContextBeforeTestMethod(java.lang.reflect.Method)[pri:0, instance:test.apptest.chuangye.AppChuangyeSignUp@1b09468]" name="springTestContextBeforeTestMethod" is-config="true" duration-ms="1" started-at="2016-12-01T15:36:29Z" finished-at="2016-12-01T15:36:29Z">
          <params>
            <param index="0">
              <value>
                <![CDATA[public void test.apptest.chuangye.AppChuangyeSignUp.chuangyeSignUp(java.util.Map) throws java.lang.Exception]]>
              </value>
            </param>
          </params>
          <reporter-output>
          </reporter-output>
        </test-method> <!-- springTestContextBeforeTestMethod -->
        <test-method status="PASS" signature="chuangyeSignUp(java.util.Map)[pri:0, instance:test.apptest.chuangye.AppChuangyeSignUp@1b09468]" name="chuangyeSignUp" duration-ms="46519" started-at="2016-12-01T15:36:29Z" description="活动报名" data-provider="testData" finished-at="2016-12-01T15:37:16Z">
          <params>
            <param index="0">
              <value>
                <![CDATA[{fundApkName=EasyrongFund_pre_2_2_1.apk, fundPassword=xlh123456, backPassword=xlh123456, filePath=D:\\autotest.pdf, changyeUserName=13900110000, backUserName=zdhcs, changyeApkName=EasyrongChuangye_pre_2_3_1.apk, fundUserName=lkj123, comments=app自动化测试用评论123，有长度要求超过20个字, activity=自动化活动, chuangyePassword=xlh123456, version=v2.3}]]>
              </value>
            </param>
          </params>
          <reporter-output>
          </reporter-output>
        </test-method> <!-- chuangyeSignUp -->
        <test-method status="PASS" signature="springTestContextAfterTestMethod(java.lang.reflect.Method)[pri:0, instance:test.apptest.chuangye.AppChuangyeSignUp@1b09468]" name="springTestContextAfterTestMethod" is-config="true" duration-ms="2" started-at="2016-12-01T15:37:16Z" finished-at="2016-12-01T15:37:16Z">
          <params>
            <param index="0">
              <value>
                <![CDATA[public void test.apptest.chuangye.AppChuangyeSignUp.chuangyeSignUp(java.util.Map) throws java.lang.Exception]]>
              </value>
            </param>
          </params>
          <reporter-output>
          </reporter-output>
        </test-method> <!-- springTestContextAfterTestMethod -->
        <test-method status="PASS" signature="afterClass()[pri:0, instance:test.apptest.chuangye.AppChuangyeSignUp@1b09468]" name="afterClass" is-config="true" duration-ms="0" started-at="2016-12-01T15:37:16Z" finished-at="2016-12-01T15:37:16Z">
          <reporter-output>
          </reporter-output>
        </test-method> <!-- afterClass -->
      </class> <!-- test.apptest.chuangye.AppChuangyeSignUp -->
    </test> <!-- Default test -->
  </suite> <!-- Default suite -->
</testng-results>
