<?xml version="1.0" encoding="UTF-8"?>
<testng-results skipped="1" failed="0" total="1" passed="0">
  <reporter-output>
  </reporter-output>
  <suite name="Default suite" duration-ms="684" started-at="2017-01-06T02:24:14Z" finished-at="2017-01-06T02:24:15Z">
    <groups>
    </groups>
    <test name="Default test" duration-ms="684" started-at="2017-01-06T02:24:14Z" finished-at="2017-01-06T02:24:15Z">
      <class name="test.apptest.chuangye.AppChuangyeEnterIncubator">
        <test-method status="PASS" signature="springTestContextPrepareTestInstance()[pri:0, instance:test.apptest.chuangye.AppChuangyeEnterIncubator@50d0686]" name="springTestContextPrepareTestInstance" is-config="true" duration-ms="514" started-at="2017-01-06T10:24:14Z" finished-at="2017-01-06T10:24:15Z">
          <reporter-output>
          </reporter-output>
        </test-method> <!-- springTestContextPrepareTestInstance -->
        <test-method status="FAIL" signature="beforeClass()[pri:0, instance:test.apptest.chuangye.AppChuangyeEnterIncubator@50d0686]" name="beforeClass" is-config="true" duration-ms="0" started-at="2017-01-06T10:24:15Z" finished-at="2017-01-06T10:24:15Z">
          <exception class="java.lang.NullPointerException">
            <full-stacktrace>
              <![CDATA[java.lang.NullPointerException
	at test.apptest.chuangye.AppChuangyeEnterIncubator.beforeClass(AppChuangyeEnterIncubator.java:47)
	at sun.reflect.NativeMethodAccessorImpl.invoke0(Native Method)
	at sun.reflect.NativeMethodAccessorImpl.invoke(NativeMethodAccessorImpl.java:62)
	at sun.reflect.DelegatingMethodAccessorImpl.invoke(DelegatingMethodAccessorImpl.java:43)
	at java.lang.reflect.Method.invoke(Method.java:498)
	at org.testng.internal.MethodInvocationHelper.invokeMethod(MethodInvocationHelper.java:80)
	at org.testng.internal.Invoker.invokeConfigurationMethod(Invoker.java:564)
	at org.testng.internal.Invoker.invokeConfigurations(Invoker.java:213)
	at org.testng.internal.Invoker.invokeConfigurations(Invoker.java:138)
	at org.testng.internal.TestMethodWorker.invokeBeforeClassMethods(TestMethodWorker.java:175)
	at org.testng.internal.TestMethodWorker.run(TestMethodWorker.java:107)
	at org.testng.TestRunner.privateRun(TestRunner.java:767)
	at org.testng.TestRunner.run(TestRunner.java:617)
	at org.testng.SuiteRunner.runTest(SuiteRunner.java:334)
	at org.testng.SuiteRunner.runSequentially(SuiteRunner.java:329)
	at org.testng.SuiteRunner.privateRun(SuiteRunner.java:291)
	at org.testng.SuiteRunner.run(SuiteRunner.java:240)
	at org.testng.SuiteRunnerWorker.runSuite(SuiteRunnerWorker.java:52)
	at org.testng.SuiteRunnerWorker.run(SuiteRunnerWorker.java:86)
	at org.testng.TestNG.runSuitesSequentially(TestNG.java:1198)
	at org.testng.TestNG.runSuitesLocally(TestNG.java:1123)
	at org.testng.TestNG.run(TestNG.java:1031)
	at org.testng.remote.AbstractRemoteTestNG.run(AbstractRemoteTestNG.java:126)
	at org.testng.remote.RemoteTestNG.initAndRun(RemoteTestNG.java:152)
	at org.testng.remote.RemoteTestNG.main(RemoteTestNG.java:57)
]]>
            </full-stacktrace>
          </exception> <!-- java.lang.NullPointerException -->
          <reporter-output>
          </reporter-output>
        </test-method> <!-- beforeClass -->
        <test-method status="SKIP" signature="springTestContextBeforeTestMethod(java.lang.reflect.Method)[pri:0, instance:test.apptest.chuangye.AppChuangyeEnterIncubator@50d0686]" name="springTestContextBeforeTestMethod" is-config="true" duration-ms="0" started-at="2017-01-06T10:24:15Z" finished-at="2017-01-06T10:24:15Z">
          <reporter-output>
          </reporter-output>
        </test-method> <!-- springTestContextBeforeTestMethod -->
        <test-method status="SKIP" signature="chuangyeEnterIncubator(java.util.Map)[pri:0, instance:test.apptest.chuangye.AppChuangyeEnterIncubator@50d0686]" name="chuangyeEnterIncubator" duration-ms="1" started-at="2017-01-06T10:24:15Z" description="企业入驻孵化器" data-provider="testData" finished-at="2017-01-06T10:24:15Z">
          <params>
            <param index="0">
              <value>
                <![CDATA[{chuangyePassword=xlh123456, backUserName=zdhcs, comments=app自动化测试用评论123，有长度要求超过20个字, incubator=注册test(上海w)+, fundUserName=lkj123, filePath=D:\autotest.pdf, apkPathOfChuangye=D:\autoApp\testAPK\Easyrongchuangye_pre_2_3_1.apk, changyeUserName=15000000002, fundPassword=xlh123456, backPassword=xlh123456, version=v2.3}]]>
              </value>
            </param>
          </params>
          <reporter-output>
          </reporter-output>
        </test-method> <!-- chuangyeEnterIncubator -->
        <test-method status="PASS" signature="springTestContextAfterTestMethod(java.lang.reflect.Method)[pri:0, instance:test.apptest.chuangye.AppChuangyeEnterIncubator@50d0686]" name="springTestContextAfterTestMethod" is-config="true" duration-ms="2" started-at="2017-01-06T10:24:15Z" finished-at="2017-01-06T10:24:15Z">
          <params>
            <param index="0">
              <value>
                <![CDATA[public void test.apptest.chuangye.AppChuangyeEnterIncubator.chuangyeEnterIncubator(java.util.Map) throws java.lang.Exception]]>
              </value>
            </param>
          </params>
          <reporter-output>
          </reporter-output>
        </test-method> <!-- springTestContextAfterTestMethod -->
        <test-method status="SKIP" signature="afterClass()[pri:0, instance:test.apptest.chuangye.AppChuangyeEnterIncubator@50d0686]" name="afterClass" is-config="true" duration-ms="0" started-at="2017-01-06T10:24:15Z" finished-at="2017-01-06T10:24:15Z">
          <reporter-output>
          </reporter-output>
        </test-method> <!-- afterClass -->
      </class> <!-- test.apptest.chuangye.AppChuangyeEnterIncubator -->
    </test> <!-- Default test -->
  </suite> <!-- Default suite -->
</testng-results>
