<?xml version="1.0" encoding="UTF-8"?>
<testng-results skipped="0" failed="0" total="1" passed="1">
  <reporter-output>
    <line>
      <![CDATA[从数据库中获取活动报名验证码...]]>
    </line>
    <line>
      <![CDATA[mysql预发环境数据库连接信息为：172.16.11.80:3306]]>
    </line>
    <line>
      <![CDATA[删除报名信息...]]>
    </line>
    <line>
      <![CDATA[mysql预发环境数据库连接信息为：172.16.11.80:3306]]>
    </line>
  </reporter-output>
  <suite name="Default suite" duration-ms="91742" started-at="2016-12-16T07:09:39Z" finished-at="2016-12-16T07:11:11Z">
    <groups>
    </groups>
    <test name="Default test" duration-ms="91742" started-at="2016-12-16T07:09:39Z" finished-at="2016-12-16T07:11:11Z">
      <class name="test.apptest.chuangye.AppChuangyeSignUp">
        <test-method status="PASS" signature="springTestContextPrepareTestInstance()[pri:0, instance:test.apptest.chuangye.AppChuangyeSignUp@7dc05ffd]" name="springTestContextPrepareTestInstance" is-config="true" duration-ms="435" started-at="2016-12-16T15:09:39Z" finished-at="2016-12-16T15:09:40Z">
          <reporter-output>
          </reporter-output>
        </test-method> <!-- springTestContextPrepareTestInstance -->
        <test-method status="PASS" signature="beforeClass()[pri:0, instance:test.apptest.chuangye.AppChuangyeSignUp@7dc05ffd]" name="beforeClass" is-config="true" duration-ms="0" started-at="2016-12-16T15:09:40Z" finished-at="2016-12-16T15:09:40Z">
          <reporter-output>
          </reporter-output>
        </test-method> <!-- beforeClass -->
        <test-method status="PASS" signature="springTestContextBeforeTestMethod(java.lang.reflect.Method)[pri:0, instance:test.apptest.chuangye.AppChuangyeSignUp@7dc05ffd]" name="springTestContextBeforeTestMethod" is-config="true" duration-ms="1" started-at="2016-12-16T15:09:40Z" finished-at="2016-12-16T15:09:40Z">
          <params>
            <param index="0">
              <value>
                <![CDATA[public void test.apptest.chuangye.AppChuangyeSignUp.chuangyeSignUp(java.util.Map) throws java.lang.Exception]]>
              </value>
            </param>
          </params>
          <reporter-output>
          </reporter-output>
        </test-method> <!-- springTestContextBeforeTestMethod -->
        <test-method status="PASS" signature="chuangyeSignUp(java.util.Map)[pri:0, instance:test.apptest.chuangye.AppChuangyeSignUp@7dc05ffd]" name="chuangyeSignUp" duration-ms="91108" started-at="2016-12-16T15:09:40Z" description="活动报名" data-provider="testData" finished-at="2016-12-16T15:11:11Z">
          <params>
            <param index="0">
              <value>
                <![CDATA[{apkPathOfChuangye=D:\autoApp\testAPK\Easyrongchuangye_pre_2_3_1.apk, fundPassword=xlh123456, backPassword=xlh123456, filePath=D:\autotest.pdf, changyeUserName=18200000099, backUserName=zdhcs, fundUserName=lkj123, comments=app自动化测试用评论123，有长度要求超过20个字, activity=自动化测试活动-长期, chuangyePassword=xlh123456, version=v2.3}]]>
              </value>
            </param>
          </params>
          <reporter-output>
            <line>
              <![CDATA[从数据库中获取活动报名验证码...]]>
            </line>
            <line>
              <![CDATA[mysql预发环境数据库连接信息为：172.16.11.80:3306]]>
            </line>
            <line>
              <![CDATA[删除报名信息...]]>
            </line>
            <line>
              <![CDATA[mysql预发环境数据库连接信息为：172.16.11.80:3306]]>
            </line>
          </reporter-output>
        </test-method> <!-- chuangyeSignUp -->
        <test-method status="PASS" signature="springTestContextAfterTestMethod(java.lang.reflect.Method)[pri:0, instance:test.apptest.chuangye.AppChuangyeSignUp@7dc05ffd]" name="springTestContextAfterTestMethod" is-config="true" duration-ms="1" started-at="2016-12-16T15:11:11Z" finished-at="2016-12-16T15:11:11Z">
          <params>
            <param index="0">
              <value>
                <![CDATA[public void test.apptest.chuangye.AppChuangyeSignUp.chuangyeSignUp(java.util.Map) throws java.lang.Exception]]>
              </value>
            </param>
          </params>
          <reporter-output>
          </reporter-output>
        </test-method> <!-- springTestContextAfterTestMethod -->
        <test-method status="PASS" signature="afterClass()[pri:0, instance:test.apptest.chuangye.AppChuangyeSignUp@7dc05ffd]" name="afterClass" is-config="true" duration-ms="0" started-at="2016-12-16T15:11:11Z" finished-at="2016-12-16T15:11:11Z">
          <reporter-output>
          </reporter-output>
        </test-method> <!-- afterClass -->
      </class> <!-- test.apptest.chuangye.AppChuangyeSignUp -->
    </test> <!-- Default test -->
  </suite> <!-- Default suite -->
</testng-results>
