<?xml version="1.0" encoding="UTF-8"?>
<testng-results skipped="0" failed="0" total="1" passed="1">
  <reporter-output>
  </reporter-output>
  <suite name="Default suite" duration-ms="85830" started-at="2016-11-23T08:40:42Z" finished-at="2016-11-23T08:42:08Z">
    <groups>
    </groups>
    <test name="Default test" duration-ms="85830" started-at="2016-11-23T08:40:42Z" finished-at="2016-11-23T08:42:08Z">
      <class name="test.apptest.fund.AppFundSpeedInquiry">
        <test-method status="PASS" signature="springTestContextPrepareTestInstance()[pri:0, instance:test.apptest.fund.AppFundSpeedInquiry@4d3167f4]" name="springTestContextPrepareTestInstance" is-config="true" duration-ms="463" started-at="2016-11-23T16:40:42Z" finished-at="2016-11-23T16:40:42Z">
          <reporter-output>
          </reporter-output>
        </test-method> <!-- springTestContextPrepareTestInstance -->
        <test-method status="PASS" signature="beforeClass()[pri:0, instance:test.apptest.fund.AppFundSpeedInquiry@4d3167f4]" name="beforeClass" is-config="true" duration-ms="0" started-at="2016-11-23T16:40:42Z" finished-at="2016-11-23T16:40:42Z">
          <reporter-output>
          </reporter-output>
        </test-method> <!-- beforeClass -->
        <test-method status="PASS" signature="springTestContextBeforeTestMethod(java.lang.reflect.Method)[pri:0, instance:test.apptest.fund.AppFundSpeedInquiry@4d3167f4]" name="springTestContextBeforeTestMethod" is-config="true" duration-ms="1" started-at="2016-11-23T16:40:42Z" finished-at="2016-11-23T16:40:42Z">
          <params>
            <param index="0">
              <value>
                <![CDATA[public void test.apptest.fund.AppFundSpeedInquiry.Wallet(java.util.Map) throws java.lang.Exception]]>
              </value>
            </param>
          </params>
          <reporter-output>
          </reporter-output>
        </test-method> <!-- springTestContextBeforeTestMethod -->
        <test-method status="PASS" signature="Wallet(java.util.Map)[pri:0, instance:test.apptest.fund.AppFundSpeedInquiry@4d3167f4]" name="Wallet" duration-ms="85145" started-at="2016-11-23T16:40:42Z" description="快速问诊" data-provider="testData" finished-at="2016-11-23T16:42:08Z">
          <params>
            <param index="0">
              <value>
                <![CDATA[{chuangyePassword=xlh123456, fundUserName=13774364001, changyeUserName=13000000001, changyeApkName=EasyrongChuangye_pre_2_3_1.apk, fundPassword=xlh123456, fundApkName=EasyrongFund_pre_2_2_1.apk, version=v2.3, interviewProject=谷泉橡木卡狠狠哭拉萨, interviewComments=app自动化测试用评论123, Result=YYF TEST}]]>
              </value>
            </param>
          </params>
          <reporter-output>
          </reporter-output>
        </test-method> <!-- Wallet -->
        <test-method status="PASS" signature="springTestContextAfterTestMethod(java.lang.reflect.Method)[pri:0, instance:test.apptest.fund.AppFundSpeedInquiry@4d3167f4]" name="springTestContextAfterTestMethod" is-config="true" duration-ms="0" started-at="2016-11-23T16:42:08Z" finished-at="2016-11-23T16:42:08Z">
          <params>
            <param index="0">
              <value>
                <![CDATA[public void test.apptest.fund.AppFundSpeedInquiry.Wallet(java.util.Map) throws java.lang.Exception]]>
              </value>
            </param>
          </params>
          <reporter-output>
          </reporter-output>
        </test-method> <!-- springTestContextAfterTestMethod -->
      </class> <!-- test.apptest.fund.AppFundSpeedInquiry -->
    </test> <!-- Default test -->
  </suite> <!-- Default suite -->
</testng-results>
