<?xml version="1.0" encoding="UTF-8"?>
<testng-results skipped="0" failed="1" total="1" passed="0">
  <reporter-output>
  </reporter-output>
  <suite name="Default suite" duration-ms="57589" started-at="2016-12-01T08:23:29Z" finished-at="2016-12-01T08:24:26Z">
    <groups>
    </groups>
    <test name="Default test" duration-ms="57589" started-at="2016-12-01T08:23:29Z" finished-at="2016-12-01T08:24:26Z">
      <class name="test.apptest.chuangye.AppChuangyeSignUp">
        <test-method status="PASS" signature="springTestContextPrepareTestInstance()[pri:0, instance:test.apptest.chuangye.AppChuangyeSignUp@7d95d4fe]" name="springTestContextPrepareTestInstance" is-config="true" duration-ms="441" started-at="2016-12-01T16:23:29Z" finished-at="2016-12-01T16:23:29Z">
          <reporter-output>
          </reporter-output>
        </test-method> <!-- springTestContextPrepareTestInstance -->
        <test-method status="PASS" signature="beforeClass()[pri:0, instance:test.apptest.chuangye.AppChuangyeSignUp@7d95d4fe]" name="beforeClass" is-config="true" duration-ms="0" started-at="2016-12-01T16:23:29Z" finished-at="2016-12-01T16:23:29Z">
          <reporter-output>
          </reporter-output>
        </test-method> <!-- beforeClass -->
        <test-method status="PASS" signature="springTestContextBeforeTestMethod(java.lang.reflect.Method)[pri:0, instance:test.apptest.chuangye.AppChuangyeSignUp@7d95d4fe]" name="springTestContextBeforeTestMethod" is-config="true" duration-ms="1" started-at="2016-12-01T16:23:29Z" finished-at="2016-12-01T16:23:29Z">
          <params>
            <param index="0">
              <value>
                <![CDATA[public void test.apptest.chuangye.AppChuangyeSignUp.chuangyeSignUp(java.util.Map) throws java.lang.Exception]]>
              </value>
            </param>
          </params>
          <reporter-output>
          </reporter-output>
        </test-method> <!-- springTestContextBeforeTestMethod -->
        <test-method status="FAIL" signature="chuangyeSignUp(java.util.Map)[pri:0, instance:test.apptest.chuangye.AppChuangyeSignUp@7d95d4fe]" name="chuangyeSignUp" duration-ms="56970" started-at="2016-12-01T16:23:29Z" description="活动报名" data-provider="testData" finished-at="2016-12-01T16:24:26Z">
          <params>
            <param index="0">
              <value>
                <![CDATA[{fundApkName=EasyrongFund_pre_2_2_1.apk, fundPassword=xlh123456, backPassword=xlh123456, filePath=D:\\autotest.pdf, changyeUserName=13900110000, backUserName=zdhcs, changyeApkName=EasyrongChuangye_pre_2_3_1.apk, fundUserName=lkj123, comments=app自动化测试用评论123，有长度要求超过20个字, activity=自动化活动, chuangyePassword=xlh123456, version=v2.3}]]>
              </value>
            </param>
          </params>
          <exception class="org.openqa.selenium.remote.SessionNotFoundException">
            <message>
              <![CDATA[
Command duration or timeout: 20 milliseconds
Build info: version: '2.44.0', revision: '76d78cf', time: '2014-10-23 20:03:00'
System info: host: 'xlh-028', ip: '172.16.22.236', os.name: 'Windows 8', os.arch: 'amd64', os.version: '6.2', java.version: '1.6.0_43'
Session ID: e4704356-cde2-481f-b1c3-d6764d1455d0
Driver info: io.appium.java_client.AppiumDriver
Capabilities [{platform=LINUX, app=E:\GitLab\appAuto\apps\EasyrongChuangye_pre_2_3_1.apk, javascriptEnabled=true, appActivity=.activities.EasyrongChuangyeActivity, browserName=, networkConnectionEnabled=true, noSign=true, desired={platformVersion=4.4, app=E:\GitLab\appAuto\apps\EasyrongChuangye_pre_2_3_1.apk, platformName=Android, deviceName=Android Emulator, browserName=, appActivity=.activities.EasyrongChuangyeActivity, unicodeKeyboard=true, noSign=true, resetKeyboard=true, appPackage=com.easyrongchuangye, noReset=true}, locationContextEnabled=false, appPackage=com.easyrongchuangye, noReset=true, platformVersion=4.4.2, databaseEnabled=false, platformName=Android, deviceName=emulator-5554, webStorageEnabled=false, unicodeKeyboard=true, resetKeyboard=true, warnings={}, takesScreenshot=true}]]]>
            </message>
            <full-stacktrace>
              <![CDATA[org.openqa.selenium.remote.SessionNotFoundException: 
Command duration or timeout: 20 milliseconds
Build info: version: '2.44.0', revision: '76d78cf', time: '2014-10-23 20:03:00'
System info: host: 'xlh-028', ip: '172.16.22.236', os.name: 'Windows 8', os.arch: 'amd64', os.version: '6.2', java.version: '1.6.0_43'
Session ID: e4704356-cde2-481f-b1c3-d6764d1455d0
Driver info: io.appium.java_client.AppiumDriver
Capabilities [{platform=LINUX, app=E:\GitLab\appAuto\apps\EasyrongChuangye_pre_2_3_1.apk, javascriptEnabled=true, appActivity=.activities.EasyrongChuangyeActivity, browserName=, networkConnectionEnabled=true, noSign=true, desired={platformVersion=4.4, app=E:\GitLab\appAuto\apps\EasyrongChuangye_pre_2_3_1.apk, platformName=Android, deviceName=Android Emulator, browserName=, appActivity=.activities.EasyrongChuangyeActivity, unicodeKeyboard=true, noSign=true, resetKeyboard=true, appPackage=com.easyrongchuangye, noReset=true}, locationContextEnabled=false, appPackage=com.easyrongchuangye, noReset=true, platformVersion=4.4.2, databaseEnabled=false, platformName=Android, deviceName=emulator-5554, webStorageEnabled=false, unicodeKeyboard=true, resetKeyboard=true, warnings={}, takesScreenshot=true}]
	at sun.reflect.NativeConstructorAccessorImpl.newInstance0(Native Method)
	at sun.reflect.NativeConstructorAccessorImpl.newInstance(Unknown Source)
	at sun.reflect.DelegatingConstructorAccessorImpl.newInstance(Unknown Source)
	at java.lang.reflect.Constructor.newInstance(Unknown Source)
	at org.openqa.selenium.remote.ErrorHandler.createThrowable(ErrorHandler.java:204)
	at org.openqa.selenium.remote.ErrorHandler.throwIfResponseFailed(ErrorHandler.java:162)
	at org.openqa.selenium.remote.RemoteWebDriver.execute(RemoteWebDriver.java:599)
	at io.appium.java_client.AppiumDriver.execute(AppiumDriver.java:81)
	at org.openqa.selenium.remote.RemoteWebDriver$RemoteWebDriverOptions$RemoteTimeouts.implicitlyWait(RemoteWebDriver.java:770)
	at test.apptest.chuangye.AppChuangyeSignUp.chuangyeSignUp(AppChuangyeSignUp.java:108)
	at sun.reflect.NativeMethodAccessorImpl.invoke0(Native Method)
	at sun.reflect.NativeMethodAccessorImpl.invoke(Unknown Source)
	at sun.reflect.DelegatingMethodAccessorImpl.invoke(Unknown Source)
	at java.lang.reflect.Method.invoke(Unknown Source)
	at org.testng.internal.MethodInvocationHelper.invokeMethod(MethodInvocationHelper.java:84)
	at org.testng.internal.MethodInvocationHelper$1.runTestMethod(MethodInvocationHelper.java:200)
	at org.springframework.test.context.testng.AbstractTestNGSpringContextTests.run(AbstractTestNGSpringContextTests.java:140)
	at sun.reflect.NativeMethodAccessorImpl.invoke0(Native Method)
	at sun.reflect.NativeMethodAccessorImpl.invoke(Unknown Source)
	at sun.reflect.DelegatingMethodAccessorImpl.invoke(Unknown Source)
	at java.lang.reflect.Method.invoke(Unknown Source)
	at org.testng.internal.MethodInvocationHelper.invokeHookable(MethodInvocationHelper.java:212)
	at org.testng.internal.Invoker.invokeMethod(Invoker.java:707)
	at org.testng.internal.Invoker.invokeTestMethod(Invoker.java:901)
	at org.testng.internal.Invoker.invokeTestMethods(Invoker.java:1231)
	at org.testng.internal.TestMethodWorker.invokeTestMethods(TestMethodWorker.java:127)
	at org.testng.internal.TestMethodWorker.run(TestMethodWorker.java:111)
	at org.testng.TestRunner.privateRun(TestRunner.java:767)
	at org.testng.TestRunner.run(TestRunner.java:617)
	at org.testng.SuiteRunner.runTest(SuiteRunner.java:335)
	at org.testng.SuiteRunner.runSequentially(SuiteRunner.java:330)
	at org.testng.SuiteRunner.privateRun(SuiteRunner.java:291)
	at org.testng.SuiteRunner.run(SuiteRunner.java:240)
	at org.testng.SuiteRunnerWorker.runSuite(SuiteRunnerWorker.java:52)
	at org.testng.SuiteRunnerWorker.run(SuiteRunnerWorker.java:86)
	at org.testng.TestNG.runSuitesSequentially(TestNG.java:1224)
	at org.testng.TestNG.runSuitesLocally(TestNG.java:1149)
	at org.testng.TestNG.run(TestNG.java:1057)
	at org.testng.remote.RemoteTestNG.run(RemoteTestNG.java:111)
	at org.testng.remote.RemoteTestNG.initAndRun(RemoteTestNG.java:204)
	at org.testng.remote.RemoteTestNG.main(RemoteTestNG.java:175)
]]>
            </full-stacktrace>
          </exception> <!-- org.openqa.selenium.remote.SessionNotFoundException -->
          <reporter-output>
          </reporter-output>
        </test-method> <!-- chuangyeSignUp -->
        <test-method status="PASS" signature="springTestContextAfterTestMethod(java.lang.reflect.Method)[pri:0, instance:test.apptest.chuangye.AppChuangyeSignUp@7d95d4fe]" name="springTestContextAfterTestMethod" is-config="true" duration-ms="0" started-at="2016-12-01T16:24:26Z" finished-at="2016-12-01T16:24:26Z">
          <params>
            <param index="0">
              <value>
                <![CDATA[public void test.apptest.chuangye.AppChuangyeSignUp.chuangyeSignUp(java.util.Map) throws java.lang.Exception]]>
              </value>
            </param>
          </params>
          <reporter-output>
          </reporter-output>
        </test-method> <!-- springTestContextAfterTestMethod -->
        <test-method status="PASS" signature="afterClass()[pri:0, instance:test.apptest.chuangye.AppChuangyeSignUp@7d95d4fe]" name="afterClass" is-config="true" duration-ms="0" started-at="2016-12-01T16:24:26Z" finished-at="2016-12-01T16:24:26Z">
          <reporter-output>
          </reporter-output>
        </test-method> <!-- afterClass -->
      </class> <!-- test.apptest.chuangye.AppChuangyeSignUp -->
    </test> <!-- Default test -->
  </suite> <!-- Default suite -->
</testng-results>
