<?xml version="1.0" encoding="UTF-8"?>
<testng-results skipped="0" failed="0" total="1" passed="1">
  <reporter-output>
  </reporter-output>
  <suite name="Default suite" duration-ms="92042" started-at="2016-12-08T07:35:40Z" finished-at="2016-12-08T07:37:12Z">
    <groups>
    </groups>
    <test name="Default test" duration-ms="92042" started-at="2016-12-08T07:35:40Z" finished-at="2016-12-08T07:37:12Z">
      <class name="test.apptest.common.AppFundSpeedInquiry">
        <test-method status="PASS" signature="springTestContextPrepareTestInstance()[pri:0, instance:test.apptest.common.AppFundSpeedInquiry@1f6f296]" name="springTestContextPrepareTestInstance" is-config="true" duration-ms="611" started-at="2016-12-08T15:35:40Z" finished-at="2016-12-08T15:35:40Z">
          <reporter-output>
          </reporter-output>
        </test-method> <!-- springTestContextPrepareTestInstance -->
        <test-method status="PASS" signature="beforeClass()[pri:0, instance:test.apptest.common.AppFundSpeedInquiry@1f6f296]" name="beforeClass" is-config="true" duration-ms="0" started-at="2016-12-08T15:35:40Z" finished-at="2016-12-08T15:35:40Z">
          <reporter-output>
          </reporter-output>
        </test-method> <!-- beforeClass -->
        <test-method status="PASS" signature="springTestContextBeforeTestMethod(java.lang.reflect.Method)[pri:0, instance:test.apptest.common.AppFundSpeedInquiry@1f6f296]" name="springTestContextBeforeTestMethod" is-config="true" duration-ms="0" started-at="2016-12-08T15:35:40Z" finished-at="2016-12-08T15:35:40Z">
          <params>
            <param index="0">
              <value>
                <![CDATA[public void test.apptest.common.AppFundSpeedInquiry.Wallet(java.util.Map) throws java.lang.Exception]]>
              </value>
            </param>
          </params>
          <reporter-output>
          </reporter-output>
        </test-method> <!-- springTestContextBeforeTestMethod -->
        <test-method status="PASS" signature="Wallet(java.util.Map)[pri:0, instance:test.apptest.common.AppFundSpeedInquiry@1f6f296]" name="Wallet" duration-ms="91037" started-at="2016-12-08T15:35:40Z" description="快速问诊" data-provider="testData" finished-at="2016-12-08T15:37:11Z">
          <params>
            <param index="0">
              <value>
                <![CDATA[{Result=YYF TEST, apkPathOfChuangye=D:\autoApp\testAPK\Easyrongchuangye_pre_2_3_1.apk, fundPassword=xlh123456, interviewProject=谷泉橡木卡狠狠哭拉萨, changyeUserName=13000000001, fundUserName=13774364001, chuangyePassword=xlh123456, interviewComments=app自动化测试用评论123, version=v2.3}]]>
              </value>
            </param>
          </params>
          <reporter-output>
          </reporter-output>
        </test-method> <!-- Wallet -->
        <test-method status="PASS" signature="springTestContextAfterTestMethod(java.lang.reflect.Method)[pri:0, instance:test.apptest.common.AppFundSpeedInquiry@1f6f296]" name="springTestContextAfterTestMethod" is-config="true" duration-ms="1" started-at="2016-12-08T15:37:11Z" finished-at="2016-12-08T15:37:11Z">
          <params>
            <param index="0">
              <value>
                <![CDATA[public void test.apptest.common.AppFundSpeedInquiry.Wallet(java.util.Map) throws java.lang.Exception]]>
              </value>
            </param>
          </params>
          <reporter-output>
          </reporter-output>
        </test-method> <!-- springTestContextAfterTestMethod -->
      </class> <!-- test.apptest.common.AppFundSpeedInquiry -->
    </test> <!-- Default test -->
  </suite> <!-- Default suite -->
</testng-results>
